4578,841,992108,54,0
26.180028212917904
0.4095740929271315
1069.0925925925926,0.4124690655120944,0.012045086963162735
954.8333333333334,0.41292951059116934,0.005838568012149852
430.0740740740741,0.414265856562164,0.0053536416925446546
1195.388888888889,0.4083776190195589,0.009194117444450018
1801.9444444444443,0.405866653320145,0.006019277694419232
1562.7037037037037,0.4076699129449585,0.010567993220450196
1271.7222222222222,0.407928432779936,0.005408092986733081
567.0370370370371,0.41003091280384335,0.037442552238605174
2253.6111111111113,0.40887771155499947,0.005300709097272749
992.1481481481482,0.41127558124136043,0.03843673582530597
1642.6851851851852,0.4089870571136692,0.007304547176986802
1481.4074074074074,0.4108356592764825,0.019090300203135825
268.68518518518516,0.40118779465410404,0.00509336436773431
1424.6851851851852,0.4065877493318307,0.02585483856656642
1481.7962962962963,0.4068796825190549,0.006874459593602787
376.77777777777777,0.4133020560524143,0.009649058757324202
787.2777777777778,0.41244470774082204,0.022852716022717226
1265.7222222222222,0.4172274109242622,0.022562109796785575
1779.6851851851852,0.41266525525656345,0.014660063278559189
954.3888888888889,0.4124195626038148,0.005587930201772871
562.925925925926,0.4046683494397204,0.005302777249832933
1279.962962962963,0.4080983675168674,0.03922885728918919
1892.5925925925926,0.4134969270280424,0.008050254478561674
11.12962962962963,0.41784221950882344,0.005467550846175467
388.75925925925924,0.40704927269686925,0.0062672858819512725
1174.0555555555557,0.4104671247561932,0.010902219237941478
1744.8703703703704,0.4041949339621454,0.01577736745547838
1959.8703703703704,0.4045670108307901,0.009262400964292438
757.6481481481482,0.403220235925114,0.009189487574241659
1815.2592592592594,0.41227362033641474,0.005341254409256461
1564.0,0.41321795965196856,0.015373227307940914
737.5555555555555,0.41303936614725095,0.013674187669115948
253.6851851851852,0.4179153145532758,0.015065260677096067
1590.0555555555557,0.4079536980919684,0.0068590374842276095
1795.888888888889,0.4079614934902417,0.005524328192145107
155.66666666666666,0.41397022265484945,0.012573295451056073
2186.4074074074074,0.402206538203992,0.0060886111064314945
1659.0185185185185,0.41451109220428556,0.006263098270696036
505.55555555555554,0.40662468748616204,0.024330465719849953
2260.722222222222,0.41298924966850525,0.005118494090635404
2228.462962962963,0.41116899029541376,0.019997453686208175
1796.8703703703704,0.406376168514342,0.005268450305405693
1319.0925925925926,0.41448697150813424,0.019727841443490487
1420.6666666666667,0.40745821901922674,0.09138041628786746
1106.1666666666667,0.4082903553236234,0.1100327697353782
1283.851851851852,0.4041419181447719,0.010797540259593286
1846.851851851852,0.4148646865642171,0.050898456057689605
1608.851851851852,0.41600648578189187,0.006760157837853315
1434.5555555555557,0.4087406964660038,0.00748178430494078
1344.6851851851852,0.41145596257920436,0.01386034826835729
1124.2037037037037,0.40854477219386454,0.007822087560674698
1937.1296296296296,0.40655374671681127,0.01698004330960045
1811.0,0.4019464056858578,0.005004126446872871
1964.9814814814815,0.4096763569944165,0.013703598587587322
1481.0185185185185,0.40865275441368204,0.012498318261160534
2246.6481481481483,0.4110422181809936,0.0060049744209049
2175.0,0.41038446625665126,0.006026732654245881
2133.796296296296,0.4059456465473802,0.03458730797159916
907.3518518518518,0.411511421900959,0.009690086996437364
1073.8148148148148,0.4126512832122291,0.00620954329393517
1953.3148148148148,0.41353864486484904,0.005980414583856104
794.574074074074,0.40480128759252243,0.009250073509478297
1426.8333333333333,0.40990001530479075,0.05376649052750798
1771.9444444444443,0.41077317797063484,0.005124210264049284
902.2962962962963,0.40646058266293295,0.005578076243848795
949.0,0.40945608425863195,0.013155885383813615
1265.0,0.4113584485117201,0.017830819843744367
2170.037037037037,0.4102181290279767,0.027580372934918797
1528.5185185185185,0.41083570505393585,0.00898583404746906
818.9814814814815,0.405676768241801,0.012757798855953802
1827.7222222222222,0.4182856667579054,0.00770725482881086
1010.2962962962963,0.40580318251912617,0.009352755265189807
1796.0925925925926,0.4072599628588957,0.046151461754935307
741.0925925925926,0.4032919452830833,0.012036662741818856
1820.9444444444443,0.41092517040081344,0.00870107934077453
651.4814814814815,0.4063498847147894,0.005354616686241936
1258.537037037037,0.4032266632276962,0.07576526825689743
1895.2962962962963,0.41097426239586465,0.010102553161087121
2128.722222222222,0.4124455711104075,0.00542886504365177
2182.0555555555557,0.40528919295197025,0.005534122393406029
1313.148148148148,0.4050209657948638,0.01365450487079183
2130.759259259259,0.4099467624540727,0.26199992404082495
1424.0925925925926,0.4104438689869714,0.007653673267670552
780.9074074074074,0.4099652098063236,0.011897744924879923
1793.4074074074074,0.4086466708276021,0.016910377119389655
1917.351851851852,0.40770600005775,0.18611064766825874
1858.1851851851852,0.40609785815109695,0.009154867536701052
684.0370370370371,0.405108356570502,0.008931690937936988
1383.6666666666667,0.40894247529220173,0.005116224310030836
315.98148148148147,0.39911991666875146,0.13383467121271544
2141.3888888888887,0.413384267209441,0.0319680867209068
1744.037037037037,0.41403668746823075,0.005313736780593422
409.0,0.40857807301819854,0.005607683250543315
2238.4814814814813,0.4099823606017174,0.008604820952185264
530.4814814814815,0.40660228538619264,0.014070469520349169
1379.648148148148,0.40085468757018106,0.006195644153407552
28.48148148148148,0.4054624644757117,0.07534169753133814
2082.0185185185187,0.41366975631941877,0.015610462003439164
1452.1851851851852,0.41228271270905226,0.018067172547528054
302.5,0.4078201645706089,0.011706782282596395
88.0,0.3686992608593243,0.012782973533045172
359.8333333333333,0.4195306379546252,0.017071869646028963
2201.222222222222,0.41289742956865544,0.005331620532087302
1106.7037037037037,0.40293076635382824,0.0859156572741738
100.92592592592592,0.40571363274367256,0.006691688384713836
832.2592592592592,0.41860958444532803,0.03187538775426005
568.074074074074,0.4145076275833365,0.033479311731974715
17.62962962962963,0.43307684112829786,0.01412111169234647
1172.1666666666667,0.40833669541580103,0.0052774588852324755
1115.0185185185185,0.41303309154066725,0.007635509856857754
14.296296296296296,0.4490455260554615,0.017731096680362362
1118.2592592592594,0.4113190575724072,0.019840642892515324
1595.5185185185185,0.4132795982566531,0.015488792604373643
275.81481481481484,0.4135401870121458,0.00878447431883703
650.7962962962963,0.401978183240606,0.0053517591630014225
1829.3703703703704,0.4024661716481735,0.028983158968282033
908.9074074074074,0.40974747283671215,0.14099309427845158
1198.111111111111,0.40743172135829275,0.011875825758039403
2127.4814814814813,0.4087940764465426,0.02212304315642046
1762.4259259259259,0.41196511094840105,0.007539896966744297
1240.4444444444443,0.40617904039601216,0.00655288321620665
722.5555555555555,0.413293659991587,0.12489670732098415
153.4814814814815,0.4223569960244546,0.07677319843876225
1839.0555555555557,0.406910922694768,0.008260751663131788
1948.851851851852,0.4064937486672227,0.008400912093738248
2076.1666666666665,0.40445215609325486,0.010238553417547473
630.574074074074,0.40037577742162894,0.006165728016672254
700.8703703703703,0.41383188877120736,0.016898321099992394
526.5555555555555,0.4133067578481448,0.009070423598264325
1486.7777777777778,0.41348232945618346,0.006564759503921668
328.68518518518516,0.4218305167290075,0.012050713280759937
1818.3703703703704,0.40652789501346426,0.009005590776729175
1285.7777777777778,0.4103994016293158,0.007769977106367441
332.98148148148147,0.39606917823195464,0.008193394394273518
72.81481481481481,0.4157000716033872,0.014541557837365094
720.6481481481482,0.4072288949970345,0.009842201354303344
781.2592592592592,0.40487380182801436,0.007883043059665036
44.05555555555556,0.39388799507521216,0.022552908332756798
1404.7037037037037,0.41050924483526424,0.00915752407374665
2128.3888888888887,0.403941079313632,0.12313952288783497
945.7222222222222,0.4044843597365972,0.013860440274150185
455.85185185185185,0.40709579960408704,0.012887018972548918
2158.685185185185,0.4097089387622424,0.011399342556117452
1559.962962962963,0.4088473425493215,0.007491180424004524
1745.462962962963,0.4098269432252333,0.0075173993292874585
1942.9259259259259,0.41105360054763634,0.006058859510709807
2099.8888888888887,0.40737199420212405,0.03281044059672934
27.944444444444443,0.4490720706453858,0.005230292704166495
1171.5740740740741,0.4114751302431437,0.005061260288501084
2245.1296296296296,0.4114645207181048,0.006105300646335155
40.75925925925926,0.3958293672702864,0.005004202667131308
1134.148148148148,0.41618388076514035,0.005521594760416796
1558.1851851851852,0.4060627296065902,0.023292085143732558
193.6851851851852,0.4100914726635794,0.0049785754698393235
2133.9074074074074,0.41223494485132006,0.010963514306146234
398.01851851851853,0.4007105729730896,0.009887163102158782
812.6111111111111,0.4065977350528205,0.02278295593720942
135.4814814814815,0.43124303716455,0.010920408825249956
1017.0555555555555,0.41405024798999485,0.008516029886841319
342.22222222222223,0.4214302065265073,0.016047895729339758
1959.388888888889,0.40979116445869496,0.008621334541266344
1033.1666666666667,0.4084324121946578,0.006957192122954659
946.0555555555555,0.41012264160154177,0.034515747147484295
1573.7037037037037,0.4094995013475771,0.006918080019340766
803.1851851851852,0.4168475823673602,0.005618276041776816
95.20370370370371,0.41129811792256904,0.005672145079474313
2164.1296296296296,0.41165252134638314,0.013250128994827618
1032.8703703703704,0.3995747642215766,0.03637871351259273
1817.7222222222222,0.41417010812672084,0.041682234965169276
1156.9074074074074,0.40945122127144357,0.0073290276625963225
456.44444444444446,0.4217520765049004,0.10606828288021729
989.1851851851852,0.4135318190248538,0.08189526102098468
2077.0925925925926,0.41602237564667444,0.1168376838326944
1269.2962962962963,0.41475481956969457,0.03771166078815275
331.8888888888889,0.4126108595655992,0.015940311796224797
1616.9814814814815,0.4134699387291846,0.005963951238237155
2092.962962962963,0.41193078713475434,0.011565079559818505
1018.7777777777778,0.40669487430663537,0.015790140560458386
1403.0925925925926,0.41005350588373335,0.0068129316377497605
280.8703703703704,0.41482190391781265,0.007123214285953324
145.33333333333334,0.403898974261282,0.005867527846133291
1665.1296296296296,0.4109201188725122,0.0053941036599249904
1215.0185185185185,0.4120569009061612,0.010526818256164932
2104.9444444444443,0.41301123727601097,0.0050963012239189824
67.24074074074075,0.4124762698603431,0.00624277324862741
2055.5185185185187,0.40931932927502657,0.012151748624605005
11.703703703703704,0.3991086191686366,0.006961570667051547
1078.8333333333333,0.4055258141931483,0.005540389617180739
145.83333333333334,0.4198034650281669,0.005850563447849445
1344.5185185185185,0.4145673145389793,0.011290484240491661
151.96296296296296,0.40924625806375664,0.22544240930316145
662.7222222222222,0.4209960275598666,0.0113396317557523
1067.4814814814815,0.4060885607867765,0.006125863882624646
102.0925925925926,0.40734887094020916,0.01709221146116181
1034.8333333333333,0.40896294076788736,0.007640074136168678
1849.4444444444443,0.4112937293218915,0.005748748645308293
1321.9444444444443,0.4137270026464938,0.013656023291479628
1836.537037037037,0.4162259733190903,0.007003959955938834
1281.8148148148148,0.4041055068554415,0.008046478589100962
1894.2037037037037,0.4128303795300325,0.01473623493266051
1803.0185185185185,0.4150488744827179,0.008746254278290403
1612.648148148148,0.4073436021100833,0.009692868209449717
2197.277777777778,0.4059115399688584,0.008593279043340214
1849.611111111111,0.4063124010122099,0.006465721717977007
876.9444444444445,0.4140911463964695,0.01434119404325464
1576.8148148148148,0.4031331990888938,0.011105504144098737
805.2592592592592,0.40552346603633255,0.007643324438044511
1811.648148148148,0.4108827447389974,0.007630869747727775
35.94444444444444,0.3929683653274608,0.007180489298860044
1047.7222222222222,0.40672639932429805,0.007994703829274965
1674.0925925925926,0.4116157779285819,0.005493566427171117
997.6851851851852,0.4070338160473518,0.005190466864890321
1550.8333333333333,0.4065236890582207,0.005488815581186035
855.8518518518518,0.40716904673067766,0.00842694924296469
1929.5925925925926,0.41365279805725524,0.009604735053380149
260.462962962963,0.40430386246079547,0.009507291005300829
1413.5740740740741,0.41419959477706825,0.007621697346236348
1797.3148148148148,0.40776336088544335,0.010048236881314175
693.3703703703703,0.40117208902556706,0.019349770481991557
443.0925925925926,0.4074766021924235,0.011988641458264115
946.1851851851852,0.40791294662670247,0.05534025331952213
1348.7222222222222,0.41160626202477574,0.01066097931150087
110.85185185185185,0.4059045125074031,0.006552611679930078
289.0740740740741,0.4038652964068938,0.008784243312053222
1902.7777777777778,0.4098973193869811,0.008861916767727789
1761.2037037037037,0.41088916922389024,0.021871580157516536
1587.2037037037037,0.41649839444354625,0.005016209023646284
619.1481481481482,0.4111985130841451,0.07103674286207713
643.8148148148148,0.4102728718784816,0.006268489933721673
1003.1851851851852,0.409990136040599,0.011475326154545716
360.77777777777777,0.4126744719647552,0.0055491242790157375
674.1296296296297,0.40628521992468114,0.006479584310525568
88.75925925925925,0.4206712039715413,0.00821488189537512
2287.0925925925926,0.40647598318938816,0.007240148804899952
1861.537037037037,0.4086688690224999,0.0057770792355700115
595.6111111111111,0.4066958445734383,0.008870218261589532
448.9259259259259,0.4167939936999468,0.08134355376305488
305.75925925925924,0.4087471979962349,0.011426237209060499
1551.037037037037,0.4140954364603894,0.044681652821233216
1566.8148148148148,0.41071002657493594,0.0055144562574242235
459.4259259259259,0.41368641427289665,0.005412314039533872
1242.2592592592594,0.40994847542227864,0.04220306607872946
1754.351851851852,0.41577800292165756,0.005579972108759822
967.6851851851852,0.4103792548503901,0.011331907777749551
1232.648148148148,0.4056912785970539,0.006202315496359201
1245.111111111111,0.4042637127702747,0.006370564893469073
1857.2592592592594,0.4133349855383072,0.01627697296835314
785.2407407407408,0.41685190696207947,0.015888793859789252
1465.6296296296296,0.4054693867595278,0.0068237220145806205
521.2592592592592,0.41726628935120935,0.013819728578704097
1752.3148148148148,0.4097686246244824,0.024420595671716196
1788.5185185185185,0.41468979030131453,0.005105793601565737
816.1111111111111,0.40842948317888644,0.005527398868579042
84.0925925925926,0.407604159068028,0.040554367191212186
146.35185185185185,0.3904132960683848,0.05667905816423616
2131.777777777778,0.41075683631454624,0.008311470300822245
1534.8703703703704,0.41447966100300276,0.018820632406064026
1392.7407407407406,0.41088906957185806,0.006699723423661549
2184.9814814814813,0.4101754113142508,0.011874905050311982
1070.1666666666667,0.4061613691159145,0.05743561451857748
737.0,0.40397443840890435,0.015028372869918637
2254.6111111111113,0.4112767262472598,0.012226329242634983
400.2037037037037,0.4097651772413318,0.007740466428540598
552.0370370370371,0.4048280591733008,0.00708206180230845
1884.5925925925926,0.40597191789271025,0.008648398253457576
693.0370370370371,0.42061290744898594,0.008474148132414159
369.51851851851853,0.4146693633864373,0.006182508338508098
155.2962962962963,0.3991898597444274,0.0049676822770210495
666.0185185185185,0.40050961865526014,0.011705296227893267
2034.962962962963,0.4097961479170886,0.013006147909749381
2241.037037037037,0.4118709064262615,0.007146321939984252
885.1481481481482,0.4144884830027861,0.028284071149786302
1719.0740740740741,0.40873833155319256,0.011750801983946558
1305.6666666666667,0.40943914150300714,0.005764122514260446
974.574074074074,0.40622040437418516,0.013332501131411765
2241.685185185185,0.41220644864692574,0.007447421016523586
1163.2592592592594,0.4086366765900469,0.00709707155623212
95.5925925925926,0.4219281012260725,0.006162065276808874
1679.5185185185185,0.41166878916835237,0.005522767620780801
1961.7037037037037,0.4062379860195001,0.006624613500651125
1995.4074074074074,0.4117832386536314,0.0070707710579419325
930.3888888888889,0.4159265491694257,0.009156568859333544
2194.740740740741,0.4103290881851701,0.00968516501058635
2223.9074074074074,0.4105987850741333,0.03646402614108935
12.61111111111111,0.3646116316481696,0.005756440645681498
121.4074074074074,0.4110195679284856,0.014321550517853531
40.48148148148148,0.37922860176968415,0.012077086081629784
1598.3703703703704,0.4086865507992912,0.008472096062088088
1359.0925925925926,0.41257106027540175,0.03135027162353402
1005.4444444444445,0.4135439159685267,0.008841372978802444
1570.3703703703704,0.41096962650159724,0.005076446986459474
1005.574074074074,0.40710686384830685,0.025340311425251498
1501.0555555555557,0.41122330414712704,0.006384929545191005
1930.7407407407406,0.4039155953053651,0.02103245101061169
560.6851851851852,0.4112216539628798,0.009531594933412893
1215.388888888889,0.41331451405292685,0.007970651387072506
1324.2037037037037,0.40576070701807004,0.012711876170832158
934.4444444444445,0.4058909678662674,0.008448216681277538
1572.388888888889,0.41303213622411794,0.025272327017831345
168.38888888888889,0.4098200419941567,0.022789710463457007
2204.037037037037,0.41149134038958635,0.010715536590751744
1835.7962962962963,0.4071656129562238,0.007579085462589739
841.8888888888889,0.39625864096230073,0.010320419343789312
372.8333333333333,0.411556531327431,0.3527925141006722
380.6111111111111,0.39220765840299093,0.01496767131347326
100.24074074074075,0.3834344444213654,0.005985976140896356
38.666666666666664,0.42803939855366546,0.022070784207214644
2242.6111111111113,0.4096772408876658,0.005278714727771718
1147.5,0.41070879757032686,0.007050969871480177
553.5370370370371,0.4161312009121656,0.007094354632868583
906.1296296296297,0.41092162965146173,0.14264946562612008
2153.3888888888887,0.4112471857990364,0.008051266533709136
685.1851851851852,0.4052189494093401,0.0068861284889042695
1425.7407407407406,0.40879817025309506,0.006733912856646236
2170.796296296296,0.41292902777860363,0.00509784207634469
910.6851851851852,0.40817453070815474,0.00918085947809752
1397.7407407407406,0.4127318448462677,0.008140917578472089
796.6666666666666,0.41316010107260126,0.010053615235854277
1669.648148148148,0.40867642370084734,0.02636530306221148
603.2407407407408,0.4199163352583349,0.005160435965476997
759.4814814814815,0.41088047898484176,0.019038770795700082
1220.0185185185185,0.40839233392666163,0.019551685056440473
1033.5,0.40707306552554384,0.013019520937948134
1269.962962962963,0.4118888103368712,0.018661252137372422
1863.462962962963,0.4068895219293501,0.04161003675512344
655.6111111111111,0.41209127756201425,0.012377811214850487
1049.037037037037,0.41129947741976997,0.01618452081648483
1597.6666666666667,0.41525759566001585,0.05779297802332592
1320.148148148148,0.40782752391033483,0.009960117588903082
1240.037037037037,0.41586252879643293,0.0052300635520015565
908.0925925925926,0.4133895485876388,0.008652056035802989
855.5925925925926,0.4187886337165334,0.008499351996719355
2160.4074074074074,0.4102726757258553,0.009692420357295076
297.037037037037,0.4266144596792806,0.005739499566685235
256.037037037037,0.40094874397040114,0.009328191276688881
1722.7592592592594,0.40092290878484566,0.014000200304932988
1151.0740740740741,0.40596732069721925,0.00805014808925417
1573.5555555555557,0.40930692089938925,0.01652415520503158
68.5,0.41358930995813936,0.010299782826839025
2246.4814814814813,0.40676031027226106,0.009084800660546758
215.92592592592592,0.407778040108059,0.013942095699450825
1739.037037037037,0.4155794812534249,0.051808242453793
1240.1666666666667,0.41358861779445744,0.0797450769023457
514.0,0.40273445801527435,0.22269600885957108
81.33333333333333,0.40962662572589814,0.008373576172280772
2232.796296296296,0.4068486485580547,0.0063039273177827515
1192.7222222222222,0.40919211347848033,0.02605845593693441
817.7777777777778,0.40677958817860477,0.00680056245196383
1638.648148148148,0.408077444228288,0.012738996921153121
2165.703703703704,0.40747832209378143,0.009307685991647165
2038.6296296296296,0.41007518676011695,0.005574665822087024
1498.888888888889,0.41633298847673167,0.08111519982491533
413.4074074074074,0.40458614907149953,0.008809884853251175
680.7407407407408,0.40527647198344147,0.0068168663687087445
1436.5925925925926,0.41193392999789963,0.1162118954672996
840.2962962962963,0.4039695569133986,0.058858510080183335
1445.2037037037037,0.413141438008686,0.02325473543521409
592.1666666666666,0.4040065951439581,0.06298150933822191
1939.888888888889,0.4120116268698346,0.3603941592551867
802.0925925925926,0.397366943931855,0.00613319969508412
71.79629629629629,0.40185753971478105,0.029756478243719683
400.74074074074076,0.40361911881029183,0.0054141162051263665
2134.722222222222,0.4098044833818201,0.011550957823147981
631.4629629629629,0.4102194266884724,0.009193837596095895
1606.7407407407406,0.40673509877503095,0.14382805887963557
954.0925925925926,0.4127015322070355,0.019354434707439725
1464.9814814814815,0.4120452186710753,0.05363189541195283
2003.3333333333333,0.41059370040506954,0.025026192044139854
2243.203703703704,0.40987724665185016,0.011971359002204843
801.1296296296297,0.40532186948954096,0.008983654621084388
2280.796296296296,0.4047534140582418,0.008698509101446426
781.4629629629629,0.4162691729157043,0.03248768553413745
907.5185185185185,0.4015138048439206,0.008346407501040359
834.1666666666666,0.4143328592642972,0.7755065656653927
1047.148148148148,0.41188924541899763,0.02017609322877654
474.537037037037,0.4191357623481045,0.007784035823104294
1065.0,0.4116643321995219,0.02425097662640639
748.6481481481482,0.40484272987950753,0.005200903700243133
1214.4074074074074,0.4155254098248721,0.005788769036832448
2195.5,0.40425557421612307,0.05399139049698947
1367.111111111111,0.40768870501676585,0.04827197046796397
419.25925925925924,0.41493539056334544,0.007688224133365296
607.3333333333334,0.4196578202649363,0.012319335647750054
1657.3703703703704,0.4077939670381992,0.004974564936286137
1626.9259259259259,0.41130117512426,0.009919491016900152
678.7222222222222,0.4078852838809009,0.03700709834988137
975.9629629629629,0.4138461535935076,0.010083570901477375
1783.5925925925926,0.409218704737199,0.005466524802916472
638.4814814814815,0.404821231823584,0.005999090630234739
896.1851851851852,0.41238214841136517,0.0207179260143501
411.81481481481484,0.4056751534976172,0.018228108825678244
1934.462962962963,0.40316520695617253,0.07799466831574581
813.925925925926,0.403414748067626,0.4207759365468273
195.40740740740742,0.3956988828325629,0.03382678189858721
172.5185185185185,0.4175257583468776,0.008666990474269897
1169.2407407407406,0.412040582312497,0.0064727136454421855
2262.5,0.40707791792247944,0.00770333136367924
1275.6666666666667,0.4111195014532914,0.013243363488730054
2067.574074074074,0.41505218841802216,0.1319131083894342
2249.796296296296,0.40836230006924895,0.010116509359204535
1826.4814814814815,0.41336553493644507,0.008072903691806547
255.72222222222223,0.4083941163916201,0.00597921271371813
1362.5740740740741,0.4138911128140628,0.006508496717119053
818.0185185185185,0.40937503908155876,0.008732047100717824
419.85185185185185,0.4228119794657886,0.006220591720347873
326.537037037037,0.40626626316199976,0.02928310581564662
2029.1851851851852,0.409044085136332,0.01976738791656804
207.40740740740742,0.41366415677033064,0.022872930310202905
1474.1851851851852,0.4110183357948178,0.07463932303424113
1049.888888888889,0.4111444385177535,0.012443742380935218
1488.7777777777778,0.4126864470966399,0.01516766759996351
963.4629629629629,0.40279849853607386,0.02656318731352712
2124.796296296296,0.4083591292557437,0.011474955015278622
2012.1666666666667,0.41742188036144223,0.005146855387285433
296.0925925925926,0.400306667750468,0.009694905282225549
2262.703703703704,0.4108047460158294,0.007831687561658175
1769.7592592592594,0.4105215114219864,0.007919572726311778
1110.6666666666667,0.4082266419413547,0.0060556412454814915
180.03703703703704,0.39896698140263176,0.005351154660153549
1012.6666666666666,0.40370154164256,0.01502499644813838
1090.3703703703704,0.40892341832384493,0.006068486588150725
701.1296296296297,0.405906989894837,0.005097225515764542
2139.5,0.40882693758594546,0.005222725257291581
499.5925925925926,0.4040587181707839,0.02172902365245711
1563.4074074074074,0.40797907229253394,0.0069206735055882115
1577.2407407407406,0.40550430745179833,0.023161747812148383
1314.2777777777778,0.40653860760082633,0.006190271458998058
1576.111111111111,0.41097758769542664,0.008685656035698989
1484.462962962963,0.41125473867258117,0.010743581015605642
454.3703703703704,0.41177266150572833,0.005286089367650976
2127.6481481481483,0.40764680552916766,0.008945893414037325
453.6666666666667,0.4139196393748012,0.014767238475278199
514.4814814814815,0.409005972087767,0.0071273103942017845
1583.7592592592594,0.40828570089119826,0.010843382966304617
2295.5925925925926,0.406458921091356,0.005397570911745738
2081.9814814814813,0.4037536880111509,0.00753356242863585
603.4814814814815,0.4040888623512556,0.02280430275903259
1994.5,0.4028167135442174,0.010854003147452764
276.3888888888889,0.41632932963652136,0.005671284134251529
1845.6666666666667,0.40903373331366466,0.01965176595153504
2216.185185185185,0.40476034289179447,0.015634437077339965
1245.0,0.40515043134521844,0.005620846724630707
475.9074074074074,0.4090913295057859,0.013491912088960294
1519.5740740740741,0.4081054714987871,0.02233032635476787
1767.351851851852,0.4133762521378351,0.017506236832284854
1935.2777777777778,0.4128863266663317,0.008091767952266165
2214.722222222222,0.4059980891447498,0.0061855045094639976
1733.111111111111,0.4112525224443042,0.00556113636835074
1516.8148148148148,0.40938622995296925,0.008068133228735643
1672.3333333333333,0.4037753940051199,0.006792731414385617
829.9444444444445,0.4063265579453197,0.03542584074475362
837.9629629629629,0.40673588331670524,0.016587743950769635
31.5,0.41545185420694497,0.007008413421358618
317.5740740740741,0.40658219440202475,0.03467700415891386
1378.3703703703704,0.4072526179263092,0.06143590050183333
856.1296296296297,0.41244813068277214,0.00723020285948786
1411.0555555555557,0.41159898669066297,0.033710272663403144
1334.8703703703704,0.4082783861162598,0.008211718482653839
365.68518518518516,0.410369800045092,0.0057484176324515785
2235.5925925925926,0.4047181273671537,0.010089061175599635
1646.4259259259259,0.4085172385778273,0.008569142122310469
591.9629629629629,0.4104964878839259,0.07466752199300355
1498.5555555555557,0.4081082060383872,0.04687446051502399
1365.4814814814815,0.41227358595472224,0.013248479677703899
2186.185185185185,0.4103815423420812,0.006137544852079423
113.51851851851852,0.3997277352207945,0.014442369186042067
1152.9444444444443,0.411565773279911,0.011136499626035514
349.05555555555554,0.40480817812021186,0.008713764362114138
171.1851851851852,0.409356218195651,0.009991162782420505
1686.4814814814815,0.40820198891970444,0.008254791962546939
1027.2037037037037,0.4083849335917043,0.03848515491532534
711.2592592592592,0.4115437141370491,0.18485060101366685
91.79629629629629,0.395061105027914,0.0061387399570826265
1912.3703703703704,0.4078015416147347,0.005762452840002423
948.8333333333334,0.4121257980549076,0.026785318295738898
281.4259259259259,0.41608767666855445,0.006071432152844702
1552.648148148148,0.40115412566538844,0.011417850803109133
1411.2222222222222,0.40590770875816073,0.005145593889635141
1017.4814814814815,0.4085362095144125,0.0077814704793939355
1112.0925925925926,0.40867613815906934,0.01541538512005168
1394.8148148148148,0.4037217751627039,0.011564747560110942
1272.2407407407406,0.40706100790204713,0.005563844574304562
664.3148148148148,0.4060349321048606,0.01131302570303772
1932.148148148148,0.40746315431978664,0.010105672271014051
1073.7037037037037,0.40959812696053277,0.019036275011887756
724.074074074074,0.41766820577918934,0.05580525558026287
364.537037037037,0.41394296679191134,0.005723071978653936
1108.9444444444443,0.409464593007397,0.005502513075949929
732.8703703703703,0.4088458103947017,0.009848080365721679
921.2407407407408,0.41152203265054144,0.006509033339668739
1976.462962962963,0.4111019027677146,0.008967506709249532
272.25925925925924,0.39309748629959057,0.021715794722361362
1492.5925925925926,0.40808623351331375,0.005299601720423391
1929.2777777777778,0.4111453170995037,0.009313874746738384
2294.4074074074074,0.41149899148099334,0.008696525995216909
1514.6666666666667,0.40891169331966126,0.010390609648675981
1575.0,0.40606551669820806,0.048209733869069675
613.9074074074074,0.406798525493296,0.007990751822203289
822.3888888888889,0.4116343234075166,0.009987544541437672
1272.148148148148,0.4113403911772236,0.0345634616035082
1352.2407407407406,0.40761369150998655,0.007742428335831823
433.5,0.4055662021437578,0.030268089023518446
1715.1851851851852,0.414302788730071,0.014253555518719086
384.1296296296296,0.4095304532035733,0.006289513579604033
1962.6296296296296,0.4128431468624703,0.009029739338929584
1323.648148148148,0.4096694775510265,0.007772297274832451
1715.5925925925926,0.4123362772386385,0.006680981989039331
1960.351851851852,0.41110668606517137,0.832254203332137
385.8888888888889,0.42069804659919374,0.010288810280986537
871.8703703703703,0.4087219515153353,0.02415609895258664
1318.3333333333333,0.4099526579660002,0.008996629936861468
904.0185185185185,0.4081143645017279,0.005937833949299522
1147.8148148148148,0.4047178278406901,0.006326127870441451
346.7962962962963,0.4252015027859829,0.018444488054328
274.9074074074074,0.4026957006998621,0.026359308630842945
1409.9814814814815,0.41394930236147764,0.005899605442327693
513.1481481481482,0.416936811659143,0.007130654050378743
1411.962962962963,0.4115654977217644,0.005857125458880534
1938.8703703703704,0.4066992666576865,0.019403590894978104
1568.2222222222222,0.4086540385644869,0.006185279410555964
1649.7777777777778,0.4045873598907683,0.00527167632550103
1884.111111111111,0.40837763934941823,0.010011544210126276
1207.5740740740741,0.41458112488317794,0.04631657136152335
1298.7222222222222,0.41806327939643606,0.006765393131022294
2203.0,0.4206448702618727,0.01413810051737592
701.4629629629629,0.40934987941575496,0.008598008704534955
446.05555555555554,0.4045286713035774,0.006679657278531144
167.33333333333334,0.40860519479142754,0.007772508849187726
2220.759259259259,0.4078741700558251,0.016750184818192418
1587.7777777777778,0.4000728267497974,0.008623228899384786
1987.1851851851852,0.41173290178196936,0.010205744366315973
416.27777777777777,0.4174604141894751,0.007961640836786063
953.3703703703703,0.40851856681042586,0.10606784494152087
290.1111111111111,0.3984337294401874,0.0069174527086355575
866.2037037037037,0.4141217779185612,0.005922762372791586
701.074074074074,0.4271405970771013,0.017848907983420998
450.5,0.40614862856250433,0.020500314391812532
526.2222222222222,0.3984722417129727,0.005618412963717352
1430.5925925925926,0.4159506651007228,0.01777410625331012
1965.5925925925926,0.4114954192976987,0.009444059540142413
965.9074074074074,0.40546952657411356,0.2140990542511472
565.1481481481482,0.4087384659065854,0.07699245569835333
383.51851851851853,0.40652934531552243,0.006522922524990502
748.074074074074,0.4169585863053849,0.006103855368183787
1846.5,0.4138378267375242,0.005656797727476774
1384.0740740740741,0.41259813146392754,0.006259363518677704
1285.0740740740741,0.4082507374540494,0.016610104732028428
433.81481481481484,0.41039650094687247,0.011706854836079285
1608.1296296296296,0.4138944045062342,0.006922442585644851
951.4629629629629,0.41011299519806305,0.011068072809459043
442.0740740740741,0.4147950676381003,0.014946189152366384
2203.1296296296296,0.40880996525621827,0.013710907140030506
217.77777777777777,0.406862759930464,0.017892397403839876
2117.4444444444443,0.4068776263680188,0.008843028179845227
1434.9814814814815,0.4073834117891014,0.005329419790798456
2262.9814814814813,0.40729481877825413,0.007706019037278542
2250.425925925926,0.4070120423165873,0.006405610157219737
1405.7592592592594,0.41072309990960937,0.006912508145325369
751.1851851851852,0.408340686510558,0.005007002800435251
1432.1296296296296,0.41008149237452013,0.025061540578414226
616.9074074074074,0.41698561977043547,0.009270869806123141
672.425925925926,0.40621948528951723,0.005770027384850869
1752.9444444444443,0.40440693688177737,0.006234664377496708
416.24074074074076,0.4195128876027333,0.0077887226266028
397.74074074074076,0.41864721099454166,0.005651257871261491
702.5555555555555,0.4044437411845677,0.013277432920539947
742.925925925926,0.40848195813949567,0.00877913218059923
242.85185185185185,0.4220307362273311,0.012044749409411516
598.074074074074,0.41171141659814803,0.01635844605531916
2030.0925925925926,0.40989013207085245,0.011245406814888724
767.3518518518518,0.4070270275628343,0.06238953465424928
1468.2777777777778,0.4159692515542857,0.01637172454357103
448.64814814814815,0.4105547075195947,0.13976950823847006
1543.4814814814815,0.4143777366316903,0.005715907450751722
1299.9259259259259,0.4067175415446435,0.005083453919952313
1976.7592592592594,0.4094091083564018,0.014037511301106472
1895.4814814814815,0.4102842840843175,0.015615945568769217
998.1481481481482,0.41047325710244137,0.007275011072386443
600.3333333333334,0.40435232488096956,0.04611606631186138
1251.5555555555557,0.4019479780597571,0.011445396483018335
2005.111111111111,0.4058978938553915,0.0391905684001575
609.9814814814815,0.4018012872399719,0.010276139685199305
530.3148148148148,0.4132480245532853,0.012731219572603984
913.8148148148148,0.4116945835725505,0.011332032752451142
1840.5925925925926,0.4193142085728542,0.29882096667226
1716.0,0.40665020462955564,0.00891812186262226
658.6111111111111,0.41020160450505794,0.010591723529693283
2185.1666666666665,0.4099421291389415,0.0057311180159919
2101.537037037037,0.4070090962271165,0.005465696461114718
2096.722222222222,0.4055072061996465,0.005459871411767807
472.7037037037037,0.40768234915439194,0.028217898016019684
1181.0185185185185,0.403416788975721,0.03281333031467714
780.074074074074,0.4085462261896358,0.011470012146044832
710.1481481481482,0.40954384097101965,0.0053390929007521735
1828.4444444444443,0.4053307988964133,0.006697150016774108
1366.0925925925926,0.41285860891096227,0.014543887782911978
216.2037037037037,0.4141807414183536,0.006704320085851224
2290.777777777778,0.407839574610733,0.012052717763774803
1335.7407407407406,0.41262518730941267,0.033536449081812116
1530.111111111111,0.41055518125774954,0.017122997796399538
1330.7592592592594,0.4082560552031801,0.005382047036611882
2241.8888888888887,0.41023927934351334,0.023191442057473536
385.537037037037,0.41700900726629714,0.009347742740640649
175.87037037037038,0.4079305368051276,0.022393348967032118
2271.8333333333335,0.41098698491088537,0.00814437876055814
524.8518518518518,0.4032334378663005,0.005955344949881123
1297.537037037037,0.4023826385633055,0.008745669694085993
1583.7962962962963,0.40591895834401004,0.006058994157989926
384.85185185185185,0.4138201678766478,0.014891984085020018
715.7962962962963,0.41225715670165747,0.2491911022825039
1250.148148148148,0.40651822659742004,0.011015645530691618
78.51851851851852,0.40016329970369774,0.008036302388614774
2211.925925925926,0.4078727239124831,0.010037170778721374
1439.9444444444443,0.40961268185314686,0.0053191205064916335
162.33333333333334,0.4257049132775906,0.005238252153306182
1203.2037037037037,0.4157628243892853,0.0053901301919997025
811.574074074074,0.4148467340762706,0.00768872633097794
223.59259259259258,0.40356163416030977,0.0835678286426902
1384.111111111111,0.40647747901732384,0.013740659081678593
2076.537037037037,0.4071217813004964,0.009522606728532517
419.0,0.4095989571312064,0.0051732629103983675
963.1111111111111,0.4028026856963696,0.005038346742807822
928.0555555555555,0.4139282079879631,0.005553454143813567
1847.6296296296296,0.4083859256883438,0.005378533606485357
1806.4814814814815,0.40565477478577444,0.010785254161096481
273.68518518518516,0.41157547991497895,0.007633599685762387
1418.7777777777778,0.4126457981676512,0.006355308535202453
776.574074074074,0.4027762642789017,0.005417754723834229
2117.1111111111113,0.4105349359738308,0.011217206684202926
2051.037037037037,0.40990841704294917,0.015096717643194714
1804.537037037037,0.4061774010842497,0.039835241434964024
867.1481481481482,0.4057736783678485,0.011883481743924847
447.48148148148147,0.402142643716184,0.009627808646117534
488.7962962962963,0.41271505884989895,0.009974087602824555
2028.2407407407406,0.41386474222272696,0.01325843391512792
1042.4074074074074,0.41485979991846744,0.03730731723499458
1210.2592592592594,0.4108817443900391,0.005927143689866405
1208.5925925925926,0.4022705962802959,0.009026699234290112
1370.9444444444443,0.4050966899356112,0.006971553530476175
429.2962962962963,0.4129988139800774,0.007292400334358858
921.425925925926,0.4059270825404981,0.02160498762401484
219.53703703703704,0.4108413768290976,0.01012326370170341
880.3703703703703,0.4182394019368142,0.10047812254550398
1060.962962962963,0.41018932907861766,0.006559494571404946
1176.388888888889,0.4129071695918594,0.02525611203922091
2190.9444444444443,0.40718845467513226,0.014962637109994167
1383.9259259259259,0.41239004495949866,0.02171829570275436
93.25925925925925,0.38888331643609614,0.06839824624681816
1461.9259259259259,0.4099187318438275,0.034967243508584114
1411.2222222222222,0.40750017420205,0.0052808406826418035
336.3888888888889,0.41168034742461496,0.005660368435351205
764.6481481481482,0.41045636120620405,0.5922781159694612
2176.703703703704,0.41309256401110367,0.007075685587619617
1097.1666666666667,0.4130858479036705,0.01974059191300406
1359.7222222222222,0.409526171667025,0.005537400598803084
414.9259259259259,0.40337044296641184,0.01969415797677058
2137.777777777778,0.4089221121048225,0.010613965932243194
827.425925925926,0.40925950747544304,0.014562843860645047
1908.1851851851852,0.41105044250476236,0.19377711488407184
1129.5925925925926,0.40365801968067877,0.020173363762193582
80.20370370370371,0.380051738017728,0.023455091755130743
609.425925925926,0.4032841846645321,0.0050166013852221475
233.88888888888889,0.39797965925657147,0.010771279069007687
1647.9444444444443,0.40719322654208834,0.024982786723577503
2290.8333333333335,0.41453363588763065,0.016564228598413087
1707.2222222222222,0.40891168879095874,0.011350783196930381
812.8703703703703,0.4115657513454147,0.016509003755770527
1942.7407407407406,0.40723385193740136,0.040976023773418614
848.4074074074074,0.4094739236224478,0.723128936562356
1136.851851851852,0.40514866540341243,0.0064584486168934516
465.18518518518516,0.4111101149516397,0.04097375514711397
731.4814814814815,0.40838465970986,0.010984539121351255
191.6851851851852,0.4155268527920284,0.038593978018034644
145.35185185185185,0.4184816117293283,0.00927515050019552
1450.4444444444443,0.41227267722050354,0.08871771613862763
1278.5555555555557,0.40865874366727484,0.008832080916059453
1280.611111111111,0.4052517047921181,0.008138710673397623
2193.6666666666665,0.4067306582726135,0.19979908283110892
1248.4444444444443,0.4121217576225081,0.007864705621693635
1611.2407407407406,0.4063189972091146,0.051530371361009436
1106.4074074074074,0.4086247346216012,0.0069027240573033685
246.53703703703704,0.41711427501399034,0.07255971478922643
1815.5,0.41128816407908136,0.00954390327844763
606.3888888888889,0.4144883714334001,0.0109494316743353
2160.1111111111113,0.4124525365217828,0.006476154324124623
2131.074074074074,0.40701241339816013,0.01145867505720671
262.5740740740741,0.4196675970427413,0.0066238951647789365
2101.0555555555557,0.4098145273575034,0.015734555555397624
1929.4074074074074,0.41139785642635157,0.009142971969319217
739.8888888888889,0.4195503525011751,0.0058042941926676654
895.4074074074074,0.3981240500850236,0.005502633210429976
1843.9444444444443,0.41185167133350675,0.005958979808449557
1744.5740740740741,0.41064167127952117,0.005144683331744614
863.2407407407408,0.4044907455955971,0.038779153833376455
836.4814814814815,0.4184925948127283,0.015518600596651447
689.4814814814815,0.40284115238479473,0.007927078118436322
1008.1111111111111,0.40688631621185906,0.020346942771507885
1483.7777777777778,0.40979693466507144,0.006339248241086048
1034.6296296296296,0.416215551136876,0.007492407407550859
1517.0555555555557,0.41049371810992374,1.199581202436838
2092.796296296296,0.4125225679359433,1.705042678849585
1817.4259259259259,0.4074977345912989,0.010226331504569232
1681.537037037037,0.40810992619466085,0.006761721782389271
1686.537037037037,0.4122800401511706,0.050373813520349246
2138.1481481481483,0.4034427921617564,0.005746526579799274
958.8703703703703,0.414310436695655,0.00847790635900332
1132.7037037037037,0.4114849729928261,0.0053051439082843896
1273.7222222222222,0.4120284024774596,0.007262792780262173
346.55555555555554,0.39457037661899336,0.007850040935954565
279.7962962962963,0.41253803279178647,0.006259980281208971
1581.2222222222222,0.4120568134025951,0.00646894285232197
1266.888888888889,0.40621282963740746,0.1195721757526611
982.425925925926,0.4118273813592723,0.005642147417081727
170.33333333333334,0.42289032615101796,0.06297374391508888
1710.2222222222222,0.41256820910643943,0.2070594481759018
2188.5925925925926,0.4090366244518395,0.015550825187019938
1167.4074074074074,0.4111509669254532,0.02056281327602369
1599.1666666666667,0.41429484032913,0.006203962795540695
1835.8703703703704,0.408967896293074,0.006038512080013881
278.72222222222223,0.41740822939589367,0.024158148521338157
1759.4444444444443,0.4094114356303929,0.0508022875189309
1301.648148148148,0.40735301115537126,0.04585115947149886
445.18518518518516,0.4122808316626198,0.026160134020417367
1105.2777777777778,0.3932808372785708,0.05367569800160955
169.94444444444446,0.4060248752288035,0.005026688873520268
343.75925925925924,0.40202700932086083,0.1420592612968084
1027.9074074074074,0.42215856308345334,0.4532483151716517
388.7037037037037,0.4017675143521841,0.01528427529772504
939.4629629629629,0.41007805656061225,0.026289837199790826
1338.462962962963,0.401400856767039,0.005539640197664201
613.3888888888889,0.4038398175465358,0.008964365897117766
1116.5185185185185,0.4097806761572891,0.04779408898528051
1211.537037037037,0.41855336912974145,0.7873528790890377
1290.6666666666667,0.40894540898689163,0.04033513366611178
639.7592592592592,0.4066071751366454,0.005746444167871866
313.72222222222223,0.4179912638047161,0.009987913822705962
769.7037037037037,0.40548547211883634,0.019561000748996204
93.9074074074074,0.4227707746360561,0.007663741398375034
627.6851851851852,0.40373643674135934,0.008530930153138513
272.3333333333333,0.41536585463174025,0.06057462631062048
297.2962962962963,0.4099933174664516,0.012878164853626306
1153.037037037037,0.40996972485330085,0.007275261065945404
964.5,0.4212938342468157,0.009482741878687737
632.1666666666666,0.41610869756645136,0.005669929082077314
1712.8148148148148,0.40859964372618784,0.007736388826218909
1292.851851851852,0.4098179970770668,0.0086280558229223
1893.5925925925926,0.40840611646503017,0.01195576034503204
1917.611111111111,0.40614958471559526,0.016854496477982078
2105.314814814815,0.4081561743592474,0.01323435467246528
1476.1666666666667,0.41025278343877963,0.008207020866707368
116.75925925925925,0.4186623792024386,0.011211956183214087
532.6481481481482,0.410500852827783,0.009069246092106893
1450.888888888889,0.40794174614120815,0.027106099554687294
1836.0185185185185,0.41379689518708507,0.0075679517381043665
2148.9444444444443,0.410559224810999,0.02525326454891709
454.8703703703704,0.40564434207192324,0.0074962513752520644
922.6481481481482,0.41662110707556305,0.00632974156457594
112.27777777777777,0.4068873843625837,0.009028406447714306
2111.296296296296,0.4057929657924167,0.01708221225179292
789.7037037037037,0.408579589211983,0.007098501194477924
868.6481481481482,0.4093832428543726,0.0199691242932899
1710.0185185185185,0.4157872032007854,0.005183643855935499
1135.4259259259259,0.41376317441050064,0.06138497090099571
380.85185185185185,0.4118936227064523,0.019505888888126235
56.351851851851855,0.41706583273571857,0.012429081633174811
929.3148148148148,0.40765011602780743,0.04287746207243129
2010.4259259259259,0.40704548864622675,0.010260679294214207
2024.888888888889,0.40815313453326313,0.017800599127414655
2272.8703703703704,0.410419619672751,0.010207734853985673
1148.0185185185185,0.41068382372086953,0.036188003544598175
740.4444444444445,0.4016895734056382,0.008225664744151037
1087.388888888889,0.40867697408549086,0.008787889156551137
151.4814814814815,0.4116866010342381,0.020342515050460582
1806.2037037037037,0.40801274572915197,0.04530865884043309
1058.7407407407406,0.4115033089432301,0.012648510374203711
2137.1666666666665,0.4034644541227574,0.005811369024626713
1662.888888888889,0.41186119509031005,0.04007356839752874
525.7962962962963,0.41619991348610114,0.010481993590007288
31.77777777777778,0.3852912670507224,0.00950869844776997
1713.1666666666667,0.4052412561698934,0.011782055836485842
2099.5,0.4073272356933484,0.006887621541453081
1516.7777777777778,0.40352653846050546,0.007364995360040934
370.6111111111111,0.42120762786897364,0.014491169500124848
1706.351851851852,0.41369979293985776,0.010308759855954577
2145.685185185185,0.41331146686563536,0.058739905619969945
52.18518518518518,0.4084308648696907,0.006917489019267999
472.2037037037037,0.4068003939638679,0.019822963973074217
773.6481481481482,0.4149394996063936,0.020939489323847617
1799.1666666666667,0.40889699684769554,0.03555058746498326
608.9629629629629,0.40356569585147767,0.02226195388814634
2131.277777777778,0.40998138050312594,0.0058058853283136464
1463.888888888889,0.40831880229919154,0.009894036126467397
1848.111111111111,0.40721418609150256,0.01128455381817681
125.98148148148148,0.40550413098852867,0.00990062522034104
257.037037037037,0.4074360152916398,0.005560417731124973
297.14814814814815,0.4121242185037608,0.08409987781610467
699.1111111111111,0.3981739807448467,0.005134380406725798
1346.5740740740741,0.408036169378043,0.007312545455905732
2226.277777777778,0.40733571665326035,0.006440814501278475
1929.851851851852,0.40704772929660343,0.005997248159785266
2201.925925925926,0.4146609161822299,0.005617514794554405
705.6666666666666,0.40521690550105816,0.005864150530473005
723.2592592592592,0.4142777416082087,0.005247802729761548
1896.3148148148148,0.41299385270253447,0.00761493291135732
1258.7962962962963,0.40983207190925436,0.11255343119410159
1210.148148148148,0.4115735439735135,0.02703825152431669
2059.685185185185,0.4068545011718407,0.0260710651691244
1955.111111111111,0.41185890338887293,0.03744221808416975
358.0,0.40912488631273514,0.02105839298140562
1422.851851851852,0.41948114174546647,0.00824113849383634
579.0370370370371,0.4165551385425104,0.010218998524183166
857.2407407407408,0.41159581599429956,0.01016102478821035
1281.888888888889,0.40825986307945494,0.012260650645056891
32.5,0.42300876336259746,0.014558051381721223
2019.4814814814815,0.4077581155560037,0.013297364998436175
464.85185185185185,0.41622255383826984,0.006831068627672859
1888.4814814814815,0.41266131294619723,0.03456740477045781
1975.2407407407406,0.41062373013997755,0.01387103842263653
1973.1851851851852,0.40604051528511637,0.012072649561672973
1264.9259259259259,0.4001583499662501,0.011836224819063747
565.6851851851852,0.4107394803001792,0.009277093602147745
288.27777777777777,0.4000052382120875,0.005780871049801522
747.3333333333334,0.4121133180007849,0.05368943550934224
1611.9814814814815,0.4084662133069186,0.01036928071697548
1867.7222222222222,0.4125240617743813,0.008308597257876076
1369.9814814814815,0.40766485822962184,0.03727508367384628
641.1851851851852,0.4147985857564098,0.0051342539354376805
2258.0,0.41219264597558863,0.012312075390852906
732.7592592592592,0.41163528771474,0.016600101152266355
1207.2592592592594,0.40268002435777994,0.005805371560215402
187.25925925925927,0.4217796013290421,0.005122790743894384
1243.0185185185185,0.40457175328118145,0.007970646493667003
1848.388888888889,0.4113745762017259,0.005901087439127399
935.7222222222222,0.4009177320932512,0.012731299654865467
1559.6296296296296,0.412478212150978,0.006109823042195652
2222.3518518518517,0.41105881607670075,0.008096522177384616
1535.2407407407406,0.4116082745352828,0.00872574604866967
1651.0925925925926,0.40992601285926855,0.016493126378426797
1006.2407407407408,0.40934090119807726,0.005749584650614228
1882.5925925925926,0.40868114179256887,0.008717375288723808
428.77777777777777,0.4096542082360272,0.006589344668562967
