5891,950,25158,43,0
7.160577633015645
0.026345118083918442
48.395348837209305,0.024504793016768417,0.013648765637763573
50.69767441860465,0.027385294815796792,0.039624602596960525
16.162790697674417,0.021152066929132705,0.016164826145784017
50.51162790697674,0.02515821679392549,0.024389050081559463
5.116279069767442,0.0210968446941575,0.010315560136426559
42.41860465116279,0.024045859061491443,0.00813689520532444
39.372093023255815,0.021332076261598033,0.00648998487207707
25.41860465116279,0.026046634685659695,1.020512681333411
29.790697674418606,0.0242376272906739,0.005334404086174908
11.790697674418604,0.022845226811899766,0.004847259406969757
31.837209302325583,0.02701061182952984,0.019096074056467974
0.13953488372093023,0.001309125923083802,0.0011733371849145878
9.69767441860465,0.02042458197803742,0.005549543911486899
3.3255813953488373,0.013866783692702766,0.012672264785876174
37.51162790697674,0.027390125440557543,0.012158290220817873
29.837209302325583,0.025095257672025372,0.026970314174777875
28.790697674418606,0.03067890684040607,0.008024547823523673
34.83720930232558,0.036092272855474894,0.006767070602693875
43.69767441860465,0.03162766660381064,0.028401091570160072
13.023255813953488,0.018786727509298783,0.005365418811289242
16.27906976744186,0.018085616255125437,0.005304148952713864
30.674418604651162,0.027820953159045543,0.01075411621743792
28.976744186046513,0.03093983627886704,0.006000001955890122
51.41860465116279,0.026131462290013403,0.010258235241094964
5.069767441860465,0.019689077349875347,0.006440255278278157
4.790697674418604,0.008555288376227552,0.008397257344658791
11.279069767441861,0.027933668431614614,0.006450300308450867
48.55813953488372,0.032521133139462394,0.007067237395685629
43.23255813953488,0.03881675406815875,0.005692177863029224
20.325581395348838,0.02259554486492861,0.007539234540826976
31.25581395348837,0.03431599604187888,0.006315811976548831
43.58139534883721,0.02309519602700423,0.015926945354348406
19.41860465116279,0.03892643979792239,0.017164342066265333
47.093023255813954,0.020952685493449606,0.018868193451600568
50.97674418604651,0.02252526316842119,0.007112140207583426
2.2325581395348837,0.010293133148485444,0.003924802842000083
34.7906976744186,0.03531412365259527,0.011822368169731812
4.906976744186046,0.03144933165133227,0.0066754337581122454
25.976744186046513,0.016882549686584754,0.008508167460765263
15.13953488372093,0.0290572935847792,0.007317750514574188
23.41860465116279,0.02741539071622881,0.02266942428923768
34.604651162790695,0.024624458727777788,0.016101108660751744
43.46511627906977,0.02048672858702888,0.05151097555708704
47.44186046511628,0.018806311235363568,0.007814079262065022
37.06976744186046,0.03025097644945828,0.037464562253009315
25.302325581395348,0.023408827336753042,0.007688053126338189
34.0,0.021890349972313046,0.009201979118635191
43.55813953488372,0.03946605880899584,0.005399447551255168
42.27906976744186,0.02690520730455662,0.05395686521468487
48.51162790697674,0.019897177720307146,0.048875427166738546
7.744186046511628,0.021287804341924985,0.009702923399136332
1.8837209302325582,0.025937052241317943,0.014717500624694823
43.348837209302324,0.02073285406636122,0.006760650664496156
40.58139534883721,0.02794567511109537,0.005205155644010755
11.093023255813954,0.027428019537346828,0.03934334006592838
8.976744186046512,0.06845413597378815,0.006143018923966538
12.55813953488372,0.03401156570681571,0.005839047437173411
24.627906976744185,0.024349810643642836,0.01066938566706831
24.837209302325583,0.035081316624507176,0.01177967744709856
22.906976744186046,0.03229265390749475,0.0056117199645011944
31.906976744186046,0.023018183487555542,0.010762536194602792
13.976744186046512,0.020351683083229904,0.010641853539035158
37.627906976744185,0.030281971807060173,0.007332313295669597
37.93023255813954,0.019322408022390363,0.005343659824137752
43.93023255813954,0.0216777567982789,0.0231487350654789
19.674418604651162,0.023853163685838744,0.009684945236617911
4.627906976744186,0.018869477566214137,0.007135093294680886
31.348837209302324,0.0371762937947126,0.010700770073198968
18.325581395348838,0.030586977907950383,0.010096046590937878
16.46511627906977,0.015631243789932543,0.005860284110250892
2.86046511627907,0.014073561934515356,0.00477492304938088
44.604651162790695,0.02780350322580689,0.008547333323700045
45.348837209302324,0.03148367624518254,0.004903013324865085
20.232558139534884,0.025835837089093355,0.006809897751708532
40.74418604651163,0.024910149465806632,0.006828246957847799
1.930232558139535,0.024401836997304385,0.0683527871098306
48.55813953488372,0.026816903912927275,0.00653876243152352
29.58139534883721,0.02737369317407542,0.005574295582523931
38.53488372093023,0.02240721182967331,0.050085440193610234
30.41860465116279,0.02481948479677409,0.009618390267489417
39.0,0.0191159643288015,0.011067382206522276
38.83720930232558,0.031510467002855445,0.006643633065163602
34.651162790697676,0.02430098228833261,0.012836237234554022
49.51162790697674,0.02178948698745157,0.008280838192514588
22.441860465116278,0.024217393518862255,0.005459767092124621
24.651162790697676,0.021988933609136768,0.007532436934375344
49.41860465116279,0.025313590266049988,0.007263320835765881
7.441860465116279,0.023272510333256488,0.009780387405313154
39.76744186046512,0.028364580240027554,0.03134611507788843
43.51162790697674,0.03316041913582995,0.0302285501112836
11.13953488372093,0.01940799260991026,0.008349219491809265
28.069767441860463,0.03616649995328911,0.006955286947082229
11.976744186046512,0.0372526683622777,0.007132174905235015
18.3953488372093,0.019227743304272345,0.016851030860606346
37.41860465116279,0.03149453089712148,0.02748519705140519
12.069767441860465,0.01115026046231382,0.006102398208588418
28.813953488372093,0.026135397612581365,0.05587887158634451
46.906976744186046,0.022035234923395295,0.006208043520195439
14.767441860465116,0.016217049032863206,0.0063172964036159246
3.255813953488372,0.014943121150825765,0.007209342770953615
46.651162790697676,0.03236592787514006,0.0207509359075729
42.72093023255814,0.025469532335871372,0.009927767525473145
4.023255813953488,0.018182418186030686,0.004703605813987634
23.41860465116279,0.02046584701516323,0.00726794393599531
8.069767441860465,0.017545310483952716,0.008234937346682689
25.0,0.03309353292639919,0.005863648284949603
3.2093023255813953,0.04579877038594926,0.005090447032520382
23.25581395348837,0.03418646021182882,0.0060201184777722
13.232558139534884,0.03227734331195956,0.0765842588500553
12.488372093023257,0.024023018961622674,0.005309791409608216
18.790697674418606,0.044460724291413206,0.009003899252505592
15.395348837209303,0.019026283734845127,0.008437138040249257
48.2093023255814,0.014666402460178078,0.023404595220340774
12.116279069767442,0.017416991546526397,0.00873777414043897
11.767441860465116,0.017194634498939192,0.0064382233292387655
51.23255813953488,0.021461272608292416,0.04995701750551178
51.16279069767442,0.032300404026961264,0.0051649984424079025
25.27906976744186,0.028969157694619763,0.007787015895544202
15.86046511627907,0.02113772516068438,0.005894357218446337
2.0,0.006263488589940755,0.01907084336485423
39.651162790697676,0.02685688243567729,0.47309209292501814
20.348837209302324,0.022832685116562813,0.007084250029922155
1.1162790697674418,0.008818223279257329,0.0327612840693577
38.46511627906977,0.020767187469043585,0.32810430922823425
38.72093023255814,0.02554532658196607,0.007241820863865125
16.348837209302324,0.03463171513934538,0.011138750636854301
35.69767441860465,0.030383755704692005,0.0158658711007615
52.651162790697676,0.024348484484161367,0.005888848410551675
38.44186046511628,0.034816397205699366,0.0064525597883227466
9.372093023255815,0.031427786203179486,0.006550497847015725
24.25581395348837,0.02329933140756266,0.013387661507766728
2.86046511627907,0.018404064237729358,0.4014501837586243
32.395348837209305,0.026216303219724766,0.0049399136544904685
2.0697674418604652,0.038163258871015536,0.011717526314681908
22.6046511627907,0.02615126338993109,0.01469734779328825
29.348837209302324,0.025855577463695302,0.00923039896194903
1.2790697674418605,0.003196370008510129,0.02401759160844864
23.58139534883721,0.019531242856491875,0.014428636656750992
6.348837209302325,0.021685196009747554,0.018776141163662465
6.209302325581396,0.021713254715150662,0.005882644996131091
29.790697674418606,0.022681552300717337,0.006445807845380291
46.58139534883721,0.022803205942731674,0.005862134271924277
48.53488372093023,0.016876213434381056,0.006943115520201971
38.23255813953488,0.02260478280667998,0.05502470111000191
42.44186046511628,0.028670874354406895,0.005183221360557264
46.395348837209305,0.025893209987659996,0.06327525347187075
29.302325581395348,0.023667560007721345,0.0068733112192670255
6.27906976744186,0.017071195639744158,0.00637077534611956
26.58139534883721,0.036605896410102076,0.006964283449210604
20.302325581395348,0.029701202012448354,0.0053971336391762555
39.86046511627907,0.02026828369603289,0.014803111374037574
50.27906976744186,0.02030621496814809,0.012232326047765278
38.883720930232556,0.030026619649168487,0.0077918518447166575
18.58139534883721,0.023560497497500006,0.012646155904527504
41.95348837209303,0.02095975466711682,0.009342900769304503
5.511627906976744,0.007872826856020988,0.0084002159049933
43.44186046511628,0.02705457986231803,0.2136985239369633
15.162790697674419,0.025471610044632123,0.022925213993055575
2.2093023255813953,0.016851667386646983,0.04147156413608458
17.976744186046513,0.025731620536023982,0.025611611083277003
35.16279069767442,0.03134954400257546,0.006727644972355665
2.813953488372093,0.09932737695897824,0.00692168315259362
35.348837209302324,0.033289780862905426,0.015036438117743222
29.511627906976745,0.027081575234137876,0.07272418128287954
10.86046511627907,0.03644903872443339,0.012992142165191966
26.232558139534884,0.021627308066905448,0.023362698728324964
15.906976744186046,0.034534133500700365,0.007714711511454642
7.116279069767442,0.03798418730519872,0.01681302968697721
18.906976744186046,0.027054788256709882,0.5201356962647972
44.48837209302326,0.030802471940882214,0.17003919565381675
52.86046511627907,0.025062331743189142,0.005622142079385666
30.74418604651163,0.019855121202315064,0.009775232301798517
39.93023255813954,0.02403917015244487,0.028253991612434047
41.2093023255814,0.02993237405824423,0.008427067270727003
44.13953488372093,0.030511999917768453,0.008455037483820078
26.093023255813954,0.034641997183949835,0.007189054667286144
32.116279069767444,0.025140069671923136,0.015494878667484701
41.604651162790695,0.03296810193039855,0.007300887858300895
45.93023255813954,0.02325876341387839,0.9673393083773093
35.651162790697676,0.03584440387151835,0.005573537041024196
22.74418604651163,0.027035657500720633,0.00741067548577903
28.53488372093023,0.026482170793437794,0.013113290356636638
34.74418604651163,0.02802879350335744,0.008556180111936885
28.186046511627907,0.021337880418103725,0.024360073918872856
13.372093023255815,0.01764394016387557,0.011857410712447959
33.55813953488372,0.033550543718480055,0.010043220579264284
24.046511627906977,0.024110080371211262,0.04733430794241685
47.55813953488372,0.0266735384692663,0.005858285071077834
37.41860465116279,0.025301747077994107,0.0052812075643581145
8.30232558139535,0.024170199812241923,0.004938385139302638
15.325581395348838,0.024998181406401258,0.0076196571341686095
31.069767441860463,0.02373795160341161,0.005690406341148279
48.55813953488372,0.021941257834114502,0.008414492909799414
48.13953488372093,0.0298588359680853,0.007276676236687162
1.0930232558139534,0.03878492721379868,0.0044971193162502655
3.744186046511628,0.008660902060181852,0.011326316499053208
22.53488372093023,0.032908293174087326,0.01542766490822948
37.651162790697676,0.02732334448307321,0.012173504906025619
39.651162790697676,0.027199062647488278,0.015239801365767794
4.465116279069767,0.021741016955603678,0.014462839751330505
0.3023255813953488,0.0,0.003662599040338256
10.55813953488372,0.031600869113317255,0.005381728329616471
12.465116279069768,0.019458231414759105,0.009635146907167701
40.93023255813954,0.024417278561186095,0.01568405251916492
53.30232558139535,0.021087154653615207,0.005907731269140055
20.953488372093023,0.01515938704233761,0.006591489572637972
26.906976744186046,0.02691074594159585,0.008285106768129406
22.976744186046513,0.033568341848365164,0.006230556001857834
11.372093023255815,0.020555851980342602,0.026882139972120092
0.627906976744186,0.00251422418225985,0.0026062946782668974
51.06976744186046,0.029755540716041536,0.030372584029299196
20.162790697674417,0.022767532222202687,0.007133585371194084
13.651162790697674,0.03662012348180117,0.27570026877528137
14.790697674418604,0.011345121987210702,0.028642671776960456
8.069767441860465,0.019031447829539517,0.007269338539982168
22.41860465116279,0.02005702972599064,0.044578014250805625
37.372093023255815,0.025074038406069574,0.005852586733310697
41.348837209302324,0.03521994083530887,0.0053779734385713835
7.651162790697675,0.040002967454573636,0.014300020278530168
28.27906976744186,0.01939801129215705,0.01607233467218325
8.418604651162791,0.0317271767272111,0.011290253571453386
25.813953488372093,0.03386085988222264,0.007265624492543662
27.651162790697676,0.015795484631856642,0.015135499202324038
53.395348837209305,0.027838328248122837,0.04744519669776924
8.44186046511628,0.015201003223654443,0.005104581022478363
7.511627906976744,0.06308796298231965,0.11039752702346355
1.069767441860465,0.011230441461709612,0.009688716373010033
22.6046511627907,0.03430985127967472,0.005109013797242432
20.441860465116278,0.018842947770139642,0.027872304646137144
30.511627906976745,0.02483961830994695,0.05954839581040714
21.46511627906977,0.028180239060613586,0.006421750765966159
8.209302325581396,0.025727909372992283,0.010878900042329567
48.41860465116279,0.025235214350550494,0.028924316257928014
50.06976744186046,0.029590124261190443,0.007132689099759723
21.3953488372093,0.02377657081276611,0.0073018129568986
8.651162790697674,0.03993854251135326,0.01869800700032451
19.627906976744185,0.029920493643809037,0.005365344521269682
38.41860465116279,0.02863181592450303,0.03397518195066522
45.51162790697674,0.02691423254932213,0.02525539171610506
49.093023255813954,0.025868556084110646,0.010801225928740941
12.116279069767442,0.03242282577341355,0.02581512574872632
11.372093023255815,0.02586130876446484,0.008360180557625451
43.25581395348837,0.02922790322003306,0.0066518446935927966
23.813953488372093,0.027944271266948425,0.0058874954494110105
51.27906976744186,0.03336259944709271,0.028738629925869057
12.30232558139535,0.021932320766167166,0.01838213381779051
46.30232558139535,0.03689096470476066,0.012846587485556497
27.767441860465116,0.027058903728292248,0.006959729674535141
49.83720930232558,0.019764257731539777,0.008785139408316375
19.53488372093023,0.028182740285429626,0.012227421908932884
35.02325581395349,0.0279573334650683,0.017922867317794643
44.55813953488372,0.03166342224849377,0.020417111379200503
51.395348837209305,0.027156668974833632,0.01141981057167797
16.58139534883721,0.018747343547784623,0.021631577823888297
19.930232558139537,0.03261324036023906,0.0070331473001010465
20.25581395348837,0.015578810440597623,0.005372770375319335
31.837209302325583,0.030124529558542286,0.013073490357515647
51.18604651162791,0.028005861327788695,0.005181506563356681
43.86046511627907,0.031108831538119948,0.011615618189290806
13.465116279069768,0.022361766115771384,0.012086565024053997
35.44186046511628,0.021648752758293196,0.02521834942168653
0.3488372093023256,0.0,0.0025829585729834235
24.348837209302324,0.026435823550373057,0.010534449031600484
7.069767441860465,0.028824848577039392,0.019608205191665715
31.53488372093023,0.02855622236257085,0.009379126615826777
4.255813953488372,0.040269240547799456,0.009471037597740446
26.767441860465116,0.02440471611096153,0.005230448156836597
6.558139534883721,0.014125524366646543,0.006263629952686999
36.93023255813954,0.022050919426894952,0.00994126580091201
6.27906976744186,0.05241971270065436,0.0074453215819768465
9.348837209302326,0.024239222814636485,0.014344613531142063
26.46511627906977,0.021466114850746038,0.02144343200345775
26.953488372093023,0.03172546380598903,0.009575521878006022
38.41860465116279,0.01977760831151699,0.006632132644661313
44.395348837209305,0.03519164655174304,0.005609043781317875
7.023255813953488,0.021954932636087773,0.4933434514653086
13.162790697674419,0.03024391475275738,0.023849688469162283
11.976744186046512,0.017795167013367783,0.017692079901219973
7.558139534883721,0.017888328079026326,0.015774994557371486
2.046511627906977,0.006538651518334953,0.009737154047974587
25.209302325581394,0.03825872710911184,0.009431786431439701
12.511627906976743,0.02763856798303969,0.005773924352675461
52.58139534883721,0.033484541858516216,0.006466958902135728
31.13953488372093,0.021913802773614557,0.011031159669609181
2.302325581395349,0.028804130091416653,0.00871667062894533
36.53488372093023,0.02033866425290383,0.007047040381056798
10.674418604651162,0.021248808957282553,0.3376737624820747
0.8372093023255814,0.007807304449353382,0.005192802584219089
27.74418604651163,0.023952823144327232,0.03053466623885216
27.86046511627907,0.016273639995933797,0.01443299753238335
6.790697674418604,0.027821242347863304,0.005503427163868231
19.209302325581394,0.029733957925193333,0.005761567766494203
9.767441860465116,0.016154549278251495,0.005671664827439154
33.325581395348834,0.027284626118598766,0.015903879538305455
51.51162790697674,0.025511135174339918,0.024851778374997167
1.5348837209302326,0.00909080671989782,0.008714296120029302
31.627906976744185,0.02542336962248404,0.006274720233872906
20.627906976744185,0.02169970502979983,0.025540297592271374
27.58139534883721,0.03748766816300458,0.005065141870739392
27.627906976744185,0.026485555020650968,0.030065877193866254
53.04651162790697,0.029905752478890837,0.01070762646426299
41.30232558139535,0.02895656805208876,0.029048126283665373
0.9767441860465116,0.03471329307035421,0.005499729257258015
44.86046511627907,0.02284232731384431,0.027854616364518907
52.02325581395349,0.027554528826600873,0.005879694760418192
24.58139534883721,0.029961323430971232,0.011119746544002126
45.23255813953488,0.029160578144892667,0.005843949162172547
8.604651162790697,0.03130180330941977,0.006285193618051139
27.209302325581394,0.02799956940224005,0.013866133366469895
53.116279069767444,0.037487820505324544,0.010260500804004124
17.86046511627907,0.023586374001352425,0.007695074756506451
51.51162790697674,0.028491211651193962,0.037737312312409135
22.348837209302324,0.02163527573728851,0.006226951023753438
28.325581395348838,0.01908114744096964,0.0062021750082685125
16.53488372093023,0.02989260546688749,0.01087237832365785
19.790697674418606,0.030472253239999525,0.005412368699959664
40.97674418604651,0.02416257558266378,0.009238482121035056
49.7906976744186,0.026530692015429704,0.025777337027557717
33.13953488372093,0.02275417553269888,0.007974396670913899
28.58139534883721,0.01813692499538507,0.012415090175600354
0.9302325581395349,0.004265909809361036,0.004486165110442858
2.441860465116279,0.02491448813819026,0.02645656999125459
51.674418604651166,0.02471662258552065,0.006474955845863579
41.0,0.025819713258400503,0.005227080195082839
38.627906976744185,0.02616261996327015,0.014936297702521468
52.13953488372093,0.019815534423299298,0.2054471202173981
15.046511627906977,0.026307799243851657,0.00594823283146793
39.674418604651166,0.029672763778880187,0.004996135377401385
26.72093023255814,0.030105670772139593,0.007939780342615912
31.74418604651163,0.019874390041385786,0.006591938614329052
38.395348837209305,0.026668042643394955,0.0050245098764916075
40.58139534883721,0.019600055414692466,0.0248583553932036
23.906976744186046,0.02226506931594435,0.009745428892609336
23.790697674418606,0.01928710942780614,0.005356799799285158
8.930232558139535,0.026402229737944136,0.00621173554072812
47.83720930232558,0.025711207464843323,0.012012746244236079
16.976744186046513,0.0377511988098224,0.007188835553621251
36.372093023255815,0.03425273432699956,0.0076940798259752695
12.930232558139535,0.035363290456185456,0.011712942530801131
6.441860465116279,0.013565781544239543,0.02428198741314401
36.348837209302324,0.02178030043933907,0.00844566618778783
35.23255813953488,0.019418064821999623,0.026889151680809534
19.953488372093023,0.03537756452470338,0.0063709338338946795
46.55813953488372,0.026071388455101388,0.005301546186064953
21.25581395348837,0.021476011508307358,0.024945180801098102
14.627906976744185,0.022281768472229055,0.0069468920051288215
5.116279069767442,0.016602427743453142,0.019605714824999988
12.279069767441861,0.035051825723056214,0.8765943122639495
24.162790697674417,0.02348983186764926,0.07970861262146803
30.023255813953487,0.023912959506989268,0.013711200344325972
45.83720930232558,0.031136961917898,0.03150134740068121
15.116279069767442,0.029126118384166202,0.0075912715100182136
12.69767441860465,0.021245840721783732,0.008187480405653215
27.069767441860463,0.021312911691892096,0.0072715177855419135
0.813953488372093,0.008214476583841121,0.14662495958289945
27.46511627906977,0.036621985617322224,0.0061011308438419926
20.186046511627907,0.014985531673787066,0.005087833413679362
39.83720930232558,0.024981233615362204,0.023560991046294614
36.46511627906977,0.03247993420212074,0.015233411336534367
50.18604651162791,0.027333681344406776,0.0051706585557043955
5.976744186046512,0.014768804912943747,0.009879082387277784
17.302325581395348,0.01979970674663038,0.007657756934608734
52.04651162790697,0.02455606386804884,0.009899418835325219
27.11627906976744,0.03707866446207685,0.011393950281131542
31.53488372093023,0.025689236274179066,0.005231894634798193
7.627906976744186,0.01785334876953132,0.0051310934771233606
38.74418604651163,0.02689624979536273,0.007860561965902806
12.13953488372093,0.034020874967693175,0.007622246408028271
17.58139534883721,0.04322779889164558,0.007283058052960341
13.534883720930232,0.020096165649437978,0.008642554799631033
6.023255813953488,0.005346660971315041,0.007076094174660297
5.162790697674419,0.01027370640853026,0.01106455511616197
20.651162790697676,0.026387189595239276,0.02700838511395506
48.325581395348834,0.02738222066091615,0.017754063865037684
44.95348837209303,0.028930801521213616,0.01093530492261563
37.348837209302324,0.01708022369508742,0.007947364809965014
45.23255813953488,0.024719482463398616,0.013725813879785349
1.255813953488372,0.02892061049564792,0.014049691571367061
26.651162790697676,0.02557178582270977,0.005892601267889971
13.488372093023257,0.029373356151281036,0.0178353102839501
7.8604651162790695,0.017765460481003276,0.010777157279016928
12.511627906976743,0.03179439150090795,0.3230889045609217
9.069767441860465,0.018186040260859404,0.035527982611144815
38.651162790697676,0.02898459609945249,0.3596235133397632
30.3953488372093,0.030023173245462668,0.005576590773711884
17.232558139534884,0.015650199087788405,0.05458718487677205
2.813953488372093,0.0236530342295205,0.02173544718773512
13.488372093023257,0.017141073511241153,0.03688142436988713
30.302325581395348,0.019831928426636638,0.011998644479343006
19.372093023255815,0.03704553887700893,0.005770051184267111
33.72093023255814,0.015992080193324053,0.006490332431465671
1.0,0.005078370069261687,0.030016295089892033
31.232558139534884,0.0241008736250001,0.014796537628798291
26.53488372093023,0.025155322064303307,0.042367847658331216
47.395348837209305,0.019829529486534225,0.013553122432474312
25.906976744186046,0.0264577868855379,0.005780798186375786
38.93023255813954,0.025455287096644567,0.006417059124737213
22.069767441860463,0.03440575876068918,0.007175345838972774
6.209302325581396,0.05299638589048479,0.0056455997745302735
39.883720930232556,0.02272550972887104,0.023247631423999222
17.6046511627907,0.026493837971445115,0.01036840807025819
46.325581395348834,0.02057047370419348,0.013746299472308928
53.13953488372093,0.024618853063556614,0.030820592975673314
32.74418604651163,0.03505955604177655,0.00511444922308073
30.837209302325583,0.027978742268226796,0.09940286072167351
53.53488372093023,0.022938069940554983,0.09757315958679484
38.44186046511628,0.021137574086956244,0.1350710616173356
11.883720930232558,0.020373930857103692,0.1273424613728572
24.046511627906977,0.029133933219941958,0.03650031141738661
2.697674418604651,0.02894517804597026,0.0087083785061881
50.7906976744186,0.023725177991759952,0.835192905829413
46.325581395348834,0.027284026666056505,0.012270928421404379
43.348837209302324,0.022928265736098994,0.010365655315098815
54.0,0.02437573972626224,0.005459947408013193
29.232558139534884,0.04269328016402135,0.005354324241484918
21.325581395348838,0.0266992297973739,0.005949121575078264
8.116279069767442,0.045470291213096176,0.028237044640306633
28.209302325581394,0.019647635836806343,0.008095711675178122
31.837209302325583,0.02401300533466422,0.6942327139150555
21.627906976744185,0.033785533087630285,0.007446354872750178
45.93023255813954,0.021925091279805478,0.009929333941308707
45.95348837209303,0.03063062986116734,0.01557912916587963
35.395348837209305,0.02305007077811887,0.00565322855394365
30.627906976744185,0.029136899478245333,0.02535731373455477
14.534883720930232,0.024059003842277767,0.010245775277700604
0.7209302325581395,0.008019154877956639,0.02072374610834594
1.069767441860465,0.0426439627419687,0.0033961815765592854
49.72093023255814,0.01979053388410774,0.005135535363807037
20.674418604651162,0.02662216770992804,0.005265715160665398
37.25581395348837,0.02888757686396039,0.025716365784347748
20.88372093023256,0.02572912182538077,0.00603349345462552
26.767441860465116,0.014949223231216698,0.36149823172631373
47.41860465116279,0.0343765333356761,0.005668946423435158
16.953488372093023,0.019887736489368344,0.005260299511497138
37.69767441860465,0.027976227725247736,0.005988880034398706
46.116279069767444,0.025181089737945205,0.005350472812734955
8.232558139534884,0.012653080190336893,0.006770634625746957
6.976744186046512,0.031260046781593595,0.02128250291754446
6.930232558139535,0.022392172276142357,0.004778815279445316
14.418604651162791,0.0215299870026353,0.006931832837129374
48.81395348837209,0.02604707637078415,0.09795605512752209
10.627906976744185,0.012939900700413367,0.022852425801574826
15.534883720930232,0.019628592449411612,0.13660790037493825
40.13953488372093,0.023387443487409374,0.007580633594304323
8.023255813953488,0.018430901427729015,0.01857175210394432
40.18604651162791,0.032070766525513404,0.005517987403661141
17.13953488372093,0.01816118632420693,0.007101847516859957
39.76744186046512,0.024215215582500914,0.013560203921060976
48.86046511627907,0.031425519947745,0.01949750536930662
49.093023255813954,0.02510802133710417,0.009792813477710638
51.97674418604651,0.024254226772028008,0.017096930880449994
27.27906976744186,0.02147505147659471,0.005811156423151693
40.0,0.027788508586415805,0.005546647617045099
49.883720930232556,0.022234908101776564,0.009965684539141617
17.069767441860463,0.04009127874384857,0.007390906028508818
51.30232558139535,0.025383826463699275,0.005606906106242279
35.16279069767442,0.02877711290169183,0.005745080229141304
22.348837209302324,0.026833856251218237,0.006256563824902446
27.790697674418606,0.014680577520637448,0.007311562877479193
21.976744186046513,0.02058354533621702,0.0454102180427801
29.767441860465116,0.024546107556543895,0.012196823428653653
51.651162790697676,0.02583849983466263,0.012278578596270646
35.44186046511628,0.028536450457942016,0.008404638615450643
0.3488372093023256,0.0042370026987601644,0.023742015376268993
34.674418604651166,0.022251056146132226,0.007341378304137101
18.162790697674417,0.024475979394570312,0.006525470714877108
15.279069767441861,0.022565101090817066,0.007165686689779045
8.44186046511628,0.007941612617283598,0.007725739061945505
50.906976744186046,0.02972690439284895,0.32695851195517495
24.906976744186046,0.02560345909423499,0.018168193572536007
38.93023255813954,0.03199102392390576,0.0070455884109796914
30.41860465116279,0.025056157399513043,0.201146911867903
8.465116279069768,0.030429101969847293,0.02771372953541498
42.83720930232558,0.034233804407346365,0.013975098074302465
24.325581395348838,0.018946480443438808,0.12482469186725019
35.906976744186046,0.02515697459710079,0.005418797379309435
44.325581395348834,0.03187908508890531,0.018311267336048324
14.465116279069768,0.028800528043349292,0.010141030974079611
0.9302325581395349,0.0032847073140012117,0.0027436007603392127
29.627906976744185,0.03302140812931125,0.07757096120371594
17.209302325581394,0.029246092084431647,0.06823031342245071
38.04651162790697,0.02736910861433415,0.009450094746300423
17.53488372093023,0.022698901435881692,0.14581044214966382
38.883720930232556,0.026709646595853016,0.008632986374849567
36.627906976744185,0.027757238746724436,0.009288305333964823
11.488372093023257,0.033277720155905285,0.010912878582267284
20.558139534883722,0.022113332986910553,0.022612537221867936
2.395348837209302,0.010271146364949477,0.084476288961062
7.441860465116279,0.023150571171211415,0.010091847419434327
9.534883720930232,0.031134897637014405,0.007801788810085129
33.116279069767444,0.03139195129604601,0.005558004822664461
47.76744186046512,0.021541667379442325,0.16224259471255917
34.395348837209305,0.03150281611458554,0.010640766026721525
32.395348837209305,0.021139176886277793,0.0111644716316606
10.162790697674419,0.03502843222872349,0.023047584552067
23.093023255813954,0.024796886731977757,0.039664191729137405
34.81395348837209,0.027563488801731043,0.007937177156595095
46.25581395348837,0.023136921864504403,0.005740110862591874
26.511627906976745,0.026353896097351063,0.005709594854682438
20.697674418604652,0.019950962787427116,0.02159043594604568
48.48837209302326,0.020425006829836365,0.005791152141867023
46.83720930232558,0.025314074430788227,0.05596049878754765
34.325581395348834,0.024685900216535203,0.008306387937064176
36.25581395348837,0.0322503891384556,0.09739904002059707
8.627906976744185,0.025579743407261706,0.02904858358520204
2.5348837209302326,0.04820764358174724,0.0081195223217536
18.72093023255814,0.016397609924702322,0.005354322049833751
43.95348837209303,0.029341418834016746,0.028348172000662544
33.23255813953488,0.020388257984549837,0.007473390629695106
42.48837209302326,0.03403566605368744,0.02243735212004553
49.76744186046512,0.023933626374889074,0.005456529194460962
23.11627906976744,0.017953897851794742,0.008536243527527632
0.11627906976744186,0.0,0.003376010834691848
15.790697674418604,0.017853951827408277,0.008966884599224166
16.023255813953487,0.018556627585321287,0.0064985057109124035
34.25581395348837,0.017223041936593325,0.013920646251317646
30.27906976744186,0.020651942283646675,0.006156667313050987
46.906976744186046,0.02202990621750646,0.0069583891750708525
11.0,0.020990208148621917,0.11540887633301734
20.976744186046513,0.030718038124560677,0.007308140270995361
43.13953488372093,0.02102920826483133,0.6320282206222596
52.72093023255814,0.027515352732374078,0.011671452837240344
16.86046511627907,0.028773775937096194,0.009080275157159347
23.11627906976744,0.01800482944246259,0.0733233965169737
45.30232558139535,0.022529188221911398,0.044868351872208646
18.348837209302324,0.03375381783128389,0.009388868337015261
2.5348837209302326,0.23259771851631067,0.021383751776812572
20.767441860465116,0.02489535360603911,0.00996692265310083
36.18604651162791,0.028043015551981354,0.005499639292439607
41.58139534883721,0.029374014355752893,0.005649681501510683
13.046511627906977,0.02241075126668459,0.005474467869988176
15.976744186046512,0.013487985633640974,0.008068338266186081
43.06976744186046,0.023264065928324796,0.02733207070895417
2.6744186046511627,0.044920493209902004,0.007374144162722537
25.651162790697676,0.02541096903733106,0.011528495090118442
15.325581395348838,0.027458038915451444,0.01021914931866899
45.372093023255815,0.026788605858786865,0.00881855142185045
12.837209302325581,0.02436660789784394,0.007857811349138702
8.744186046511627,0.048512507350165074,0.010780431645587023
13.418604651162791,0.025704305903277217,0.009608662629931802
49.51162790697674,0.029656833112803527,0.13185667784673016
36.76744186046512,0.02376338701759319,0.0066888271270197
36.13953488372093,0.02264969400562911,0.00691647423546928
22.25581395348837,0.03209230177508006,0.006782991159179151
6.604651162790698,0.019237347055209065,0.006155148321047543
9.348837209302326,0.030305667941384676,0.00873979420192298
34.58139534883721,0.03538874658903105,0.01680998888695631
15.86046511627907,0.024972084650034605,0.1762056361335804
12.093023255813954,0.017092303492200787,0.016519134587919235
23.72093023255814,0.027741268043538568,0.006874085192241319
45.69767441860465,0.02187661306557808,0.01260587509472198
30.906976744186046,0.019841619169855013,0.0051370650516176595
49.81395348837209,0.021973384519067465,0.006543403559107078
8.906976744186046,0.037188554320922426,0.045133565833201356
29.093023255813954,0.02949868871992648,0.009092605236465235
19.0,0.03453281470997073,0.0064481134328627995
1.8837209302325582,0.01938397481310004,0.004730780316636741
13.627906976744185,0.017660176262400525,0.005397335630211601
36.2093023255814,0.023683750447153082,0.007423817308416213
49.02325581395349,0.03134244903436408,0.015140260445464694
49.69767441860465,0.02392875285304928,0.004942791437738233
50.55813953488372,0.02667225766612864,0.03877347940997717
26.790697674418606,0.03040612826678757,0.03301475681325523
20.674418604651162,0.02340943366749604,0.008459295789450838
25.162790697674417,0.028480660993088238,0.015447680566701727
10.13953488372093,0.03678653122814747,0.026850597160614307
46.27906976744186,0.024812502030649088,0.007936368602787876
25.13953488372093,0.030657789444830386,0.006076755759850801
38.72093023255814,0.026142713872846016,0.012904674740136096
36.95348837209303,0.024888393893722615,0.010393394624581234
25.232558139534884,0.026731114451219284,0.0087355439722268
36.41860465116279,0.02823496183175371,0.016258164948417416
33.116279069767444,0.0221897880865297,0.005208279317504125
36.651162790697676,0.023962812642170567,0.006896042959657691
10.348837209302326,0.026027818814111616,1.0353377844640224
23.72093023255814,0.027996876569525108,0.00664520991660007
14.534883720930232,0.021396864542556467,0.012078197416869689
22.3953488372093,0.025298863342712388,0.007302933634126136
5.837209302325581,0.02430449587472142,0.00977590750284688
30.651162790697676,0.020273003355720614,0.009155771182118558
15.395348837209303,0.03112019587330816,0.008068519809745708
51.74418604651163,0.02345879743872238,0.007952850617360976
35.2093023255814,0.03202631220860349,0.00480499044091837
39.116279069767444,0.03195947217250397,0.007451603950557365
34.46511627906977,0.017788056193061244,0.006854784888994069
2.813953488372093,0.04069141904090021,0.028996278471598434
45.7906976744186,0.03297110868991955,0.005032385766085969
22.790697674418606,0.035885952588940194,0.006598629974652965
16.209302325581394,0.021448431432207992,0.013026285020498735
27.86046511627907,0.03718538382255849,0.020664726371476805
27.74418604651163,0.019464348227627916,0.025008811043281808
15.720930232558139,0.025605883150970125,0.00625398635472513
9.651162790697674,0.03820923938443443,0.016823096490424797
37.2093023255814,0.033904892875806225,0.007178532419187504
23.209302325581394,0.024964444178817925,0.0057830179971597815
29.023255813953487,0.021417211870868418,0.030549028915929345
15.69767441860465,0.017333439983740696,0.011831579596999897
19.6046511627907,0.016256068906478606,0.012381478214349831
51.83720930232558,0.025112059424240205,0.016100722261892395
37.395348837209305,0.021328843553011144,0.005614406939504012
38.093023255813954,0.029331148007828347,0.006110668701197707
32.27906976744186,0.02931770975176594,0.005850412807772727
15.069767441860465,0.025353067941180717,0.005892374419285888
26.74418604651163,0.029902951448368856,0.005244140343410769
3.3255813953488373,0.017155985691904192,0.02131247794091217
38.30232558139535,0.031914230981606284,0.009136487854631238
45.06976744186046,0.030237148651032886,0.005883298335849279
2.6511627906976742,0.07817599471215823,0.005109404741107537
27.651162790697676,0.031305779557895354,0.0054338320942342025
6.953488372093023,0.02778324089748969,0.00689662557973665
39.97674418604651,0.025916817609504417,0.011408648622735655
39.325581395348834,0.0268922146340641,0.19116993592078443
14.0,0.019963261973419456,0.006265083526097501
10.55813953488372,0.026553335389520354,0.005883282734652878
42.30232558139535,0.02750075195758163,0.005965367374340508
23.58139534883721,0.031217522769705054,0.009440776777654373
17.25581395348837,0.028774689258804255,0.010776169443573277
22.953488372093023,0.025232501438080014,0.006266822919185871
21.093023255813954,0.014546079736408809,0.006148302010994903
47.651162790697676,0.02703890285329616,0.006222554236209189
31.325581395348838,0.031511780693628214,0.01654993577936158
2.0697674418604652,0.03527374055948867,0.0054604103604556945
22.0,0.028514956522192405,0.006900421239528638
47.46511627906977,0.024979476931804655,0.005344174692721315
35.04651162790697,0.02124879684260599,0.014334375010511009
31.697674418604652,0.025198158129748294,0.01637441779090174
32.83720930232558,0.029721600229533636,0.01904844885691512
26.72093023255814,0.029790833882832955,0.007923805126491958
4.069767441860465,0.02713767138539772,0.012476766397808977
50.30232558139535,0.027408022740659264,0.02066396385403109
8.348837209302326,0.019755398338532616,0.022266293435048382
23.27906976744186,0.02438006822393507,0.010044590723191209
39.18604651162791,0.030209515683700908,0.010935731299102707
30.0,0.02179813316716161,0.008942662690302262
18.74418604651163,0.021805184193421534,0.007018229546655762
40.51162790697674,0.026441771893152402,0.012780477326713247
18.3953488372093,0.02712820543247074,0.01309761824477742
4.186046511627907,0.011856538984985487,0.00874780211651599
2.4651162790697674,0.06898234066105387,0.004568322490239549
16.697674418604652,0.03238281143150167,0.006658632655641234
37.348837209302324,0.031684045514131745,0.01083982139598804
12.930232558139535,0.03978956380121566,0.006880690841166476
20.13953488372093,0.030049842101480307,0.005632927962563762
6.72093023255814,0.03880947592533024,0.005035563357855743
50.93023255813954,0.029989315599034654,0.020690683844359646
12.581395348837209,0.02302874471380134,0.005242218705919376
16.093023255813954,0.022540152246399228,0.00952524438647609
42.27906976744186,0.031957629649647816,0.01645151481385314
45.906976744186046,0.028838778046258652,0.029941156685134366
26.930232558139537,0.025904412078031146,0.27215451937395124
18.372093023255815,0.022527593529932,0.006093087662426806
43.116279069767444,0.029555536221772816,0.014192621277484573
31.27906976744186,0.022441285281256506,0.02672166462732436
12.627906976744185,0.02347684397166892,0.007260430453834647
8.255813953488373,0.013714917895953471,0.005394080083267372
21.790697674418606,0.019881251254662086,0.009916974327734961
34.0,0.02533014791377631,0.007619908783629928
9.744186046511627,0.02052331474578254,0.007775210920858237
38.41860465116279,0.03616026045677527,0.009939119287907855
9.093023255813954,0.021121134982737697,0.005692103139489515
38.30232558139535,0.027917874494675667,0.007781471782362691
9.86046511627907,0.03538923668773988,0.01194578555584965
32.81395348837209,0.02052144726071984,0.038194900856620535
36.0,0.020327080280875758,0.016151496894864226
45.116279069767444,0.02153295390933402,0.010657808430265737
27.6046511627907,0.030259360332570075,0.00985682421839768
1.5813953488372092,0.007980180684351345,0.00454656805930501
14.627906976744185,0.019379614572531904,0.10074240349851249
48.51162790697674,0.023464452335063713,0.15802242175011408
21.953488372093023,0.030695418819325457,0.016703061016076857
29.325581395348838,0.021114890311858946,0.008973893809496668
26.441860465116278,0.02236017089045733,0.03132954830177122
53.23255813953488,0.03080853390629712,0.1374219002236299
28.697674418604652,0.020125929562183363,0.005364821113114791
5.5813953488372094,0.03208879590037828,0.005687106372204482
22.906976744186046,0.018978388226283827,0.005260570557258367
1.0465116279069768,0.022256624219062292,0.003906874173777127
16.558139534883722,0.026755356983171243,0.01930103272416548
27.58139534883721,0.030011314093459474,0.010995654624130564
43.86046511627907,0.019651967106483616,0.0063373861558472305
20.767441860465116,0.032880897904970806,0.039056022368430934
51.76744186046512,0.02404280447548565,0.025417433732083543
39.7906976744186,0.030302603995059702,0.006351217145119056
39.93023255813954,0.02514022389662577,0.005460450060644315
45.06976744186046,0.02869145341083937,0.01411251267349371
24.162790697674417,0.030271419990541157,0.02613461509085395
20.3953488372093,0.0375550753993352,0.008142171401637711
9.116279069767442,0.025550346659509917,0.005107548486632422
10.906976744186046,0.02314925899215086,0.008291891918457122
18.72093023255814,0.026418282250552823,0.007173334150457284
9.651162790697674,0.05460558510800006,0.005626397947567639
11.465116279069768,0.021395918275785186,0.014363565435594864
42.627906976744185,0.03511064138951809,0.0071084780516395005
23.27906976744186,0.02541967937621541,0.008161265859360224
7.255813953488372,0.01611875726136248,0.033165346021298565
17.11627906976744,0.020242134694037357,0.02138316765634537
17.488372093023255,0.019509945835712843,0.02119446601739586
1.2093023255813953,0.04018211644493857,0.0041166132266965555
48.97674418604651,0.026542120588892673,0.04280446312778614
33.69767441860465,0.022877455986922503,0.022886926805600505
11.046511627906977,0.025054622404655426,0.007222275966421066
23.441860465116278,0.027851439978685374,0.014095337323156789
48.44186046511628,0.0260925418877087,0.005648940934075643
3.0,0.032184861231747616,0.009795688764516254
42.906976744186046,0.026474550140625188,0.012245660429090904
1.255813953488372,0.01120581542397982,0.1431641115475005
31.209302325581394,0.027193696850243566,0.013891490758755948
40.18604651162791,0.028628561663366855,0.025331792661663736
39.627906976744185,0.030133841208097673,0.009205575548681967
50.95348837209303,0.029495935883683363,0.031602898924316385
21.13953488372093,0.020044652881474584,0.006097042504556733
44.72093023255814,0.026318014013042946,0.06221476796989525
51.02325581395349,0.02817212880053261,0.01112399381082011
10.093023255813954,0.03607339744975138,0.008593631373688909
34.093023255813954,0.03770254421891883,0.005276869713116634
32.27906976744186,0.02390516353534071,0.09307680876152115
20.302325581395348,0.020395770557557,0.005090072222099076
39.18604651162791,0.028467639891521682,0.005946914551022354
21.767441860465116,0.026072502714477582,0.00997062170269843
44.46511627906977,0.030623468683598096,0.09089030426497531
3.3255813953488373,0.04022532397239104,0.006078110413546831
31.186046511627907,0.02619575128052519,0.10194683242135313
27.0,0.029467899753924352,0.013729897322158256
5.232558139534884,0.027821306443413258,0.009319947707659261
37.651162790697676,0.028686494506691904,0.00950547960087322
50.76744186046512,0.02646143986940902,0.1606076093191326
9.093023255813954,0.023709284665645557,0.0065449380028724915
38.651162790697676,0.025709565267066366,0.00704250258193774
20.627906976744185,0.028699492847269723,0.059908074486325874
43.372093023255815,0.029936974653699523,0.03736917555261797
14.046511627906977,0.02491512036687597,0.005449658043494256
35.95348837209303,0.026350601224928952,0.00822576090433242
48.86046511627907,0.02300883650813852,0.017899716678854597
40.651162790697676,0.02985313654433432,0.005948325259848317
2.1627906976744184,0.02350967167825594,0.004928666064346573
50.116279069767444,0.026080856223437386,0.036464581147997506
36.74418604651163,0.023345195812370413,0.010399948090707148
17.093023255813954,0.026408046875909988,0.014134636649707566
52.7906976744186,0.022873371291455266,0.005025182716030759
18.46511627906977,0.024264238909762703,0.005371506206466359
17.790697674418606,0.040648539193013505,0.0068677560404528624
11.069767441860465,0.023649694702418258,0.007246948855822061
10.930232558139535,0.027991001710711765,0.047988801489382754
32.18604651162791,0.018373542801363187,0.023036345288191082
40.86046511627907,0.025143080251773278,0.005112354608207046
13.209302325581396,0.029592188897802248,0.005306349020101661
12.627906976744185,0.023157672219643894,0.00699025364686311
40.06976744186046,0.023600116596944123,0.00965874559952268
51.76744186046512,0.02920320578754311,0.052617712187770393
28.27906976744186,0.03389147494825719,0.025702534839587163
41.651162790697676,0.03822848954742294,0.0050984971036138384
14.116279069767442,0.029887478135348092,0.012966011530704997
41.41860465116279,0.03304752826707557,0.005672803442782895
32.76744186046512,0.034071970610023164,0.013508854660869422
21.651162790697676,0.03364254451287309,0.013497199937145364
17.348837209302324,0.029676506153601248,0.012980602805815722
36.348837209302324,0.029241150307992514,0.015038028539401605
33.674418604651166,0.028057398893473997,0.010283363701246908
22.093023255813954,0.013723099092645817,0.006131354384416347
49.02325581395349,0.025091065473971615,0.007334639307548946
34.0,0.02727128861763753,0.01202101782250846
17.58139534883721,0.029692432298128565,0.05951750316733524
6.813953488372093,0.02366765885882209,0.005293421838561661
30.325581395348838,0.03192664471996836,0.0065544391536729125
5.232558139534884,0.012938804918695956,0.006630011719895455
22.906976744186046,0.02712002793848103,0.025510147347022227
12.232558139534884,0.019035952868294348,0.00863229688913034
6.255813953488372,0.029609774126196763,0.033225579466167804
43.23255813953488,0.03094177761301609,0.00519087513513381
35.372093023255815,0.02695900057410422,0.006864023818723072
29.372093023255815,0.028578706549505305,0.007939395224580705
19.093023255813954,0.030168830564338615,0.010852639415839803
52.04651162790697,0.022029563428913237,0.010003795456046627
13.30232558139535,0.04521139759182786,0.026287235551001584
33.86046511627907,0.02490594522392886,0.007159134380612087
6.953488372093023,0.030135287331819395,0.004900018461842533
40.51162790697674,0.019022331058290234,0.010061764340433016
15.906976744186046,0.017421868421604553,0.00762330782060858
24.27906976744186,0.031174592835329105,0.007480913708586186
10.55813953488372,0.030049299931163263,0.010294858692348112
27.372093023255815,0.032823810698707656,0.015791753680211816
48.86046511627907,0.029426306735128634,0.14344237578634306
30.697674418604652,0.022221281200746547,0.0062709884208247
40.7906976744186,0.023731512582753758,0.012577440639691772
12.976744186046512,0.026639824503896643,0.015574966193493871
28.906976744186046,0.024008324696883406,0.11119568252573624
31.25581395348837,0.029204495418418585,0.005275524924257626
35.51162790697674,0.03138345217596361,0.005157630252377763
19.88372093023256,0.02272503064016285,0.008128847953896935
35.44186046511628,0.026162350939880622,0.009994376447637251
6.255813953488372,0.009168924305467094,0.008336241531883632
34.06976744186046,0.01711194032725565,0.09064457118364488
27.837209302325583,0.027376395767342507,0.005443577534163181
4.069767441860465,0.016944876503838767,0.012386245843047119
8.627906976744185,0.017507715509375722,0.012337577729364167
22.674418604651162,0.020733085625944673,0.009981401606607841
33.372093023255815,0.024787568214508587,0.025111847282781777
45.76744186046512,0.025637410794976716,0.007010546129905284
16.58139534883721,0.02169345760735447,0.030094779942073983
17.302325581395348,0.027083196017647956,0.0159417797151142
28.162790697674417,0.021689094616437195,0.01917341399386786
35.13953488372093,0.02601971151928775,0.027477546818129205
10.627906976744185,0.019734358640793953,0.006746818368256609
47.674418604651166,0.02744735755811921,0.0071118476336208035
39.58139534883721,0.03708693790340603,0.017556641216521018
12.162790697674419,0.017784078149615693,1.9284041311268674
51.372093023255815,0.021008078920548703,0.005577618328224571
14.604651162790697,0.024490125530475332,0.22698364898256176
44.30232558139535,0.027680983437626764,0.04859664672082395
3.86046511627907,0.01657019805281987,0.01713364452863614
34.55813953488372,0.026057538891009705,0.0081111882028217
35.81395348837209,0.026687090873955776,0.015165670273767652
36.395348837209305,0.015516470376011487,0.01832537324116965
2.697674418604651,0.039574404738504314,0.03001504874647087
25.3953488372093,0.03247724816854293,0.005573766415600376
14.162790697674419,0.02500114796122947,0.01649805169086629
16.488372093023255,0.028772572707633313,0.011112400448893533
45.74418604651163,0.02937689843435842,0.010866229674305332
15.232558139534884,0.04265082609473206,0.012699174978108789
8.186046511627907,0.014585154894674168,0.00653497534928056
30.093023255813954,0.02146807194756336,0.013895662622382014
25.53488372093023,0.018218859167697284,0.00962838396889684
12.465116279069768,0.02182474545515963,0.010078930988807112
44.325581395348834,0.028273364002616062,0.01196083701980291
3.116279069767442,0.0354166724319429,0.014740858488479835
16.0,0.03620712565135875,0.007332004082327538
24.86046511627907,0.025573133689557336,0.05538440800951243
43.86046511627907,0.030090189034093204,0.008739046716773738
13.395348837209303,0.03161639177042907,0.007067491464276308
50.0,0.028246241815170624,0.004809144595282647
4.906976744186046,0.03587083347461667,0.006957389076847187
9.279069767441861,0.030563818364007407,0.006381270113688554
49.18604651162791,0.038935071520069274,0.011526342808595182
0.627906976744186,0.002867776591470054,0.003477660955373532
35.372093023255815,0.0258166985771517,0.005268324862532166
14.13953488372093,0.02492942036132738,0.021904839998220113
6.209302325581396,0.03245496533646012,0.005970092971211996
16.86046511627907,0.02031715635485435,0.005297522555265672
32.72093023255814,0.023039295517970765,0.005542753517121846
0.7209302325581395,0.0013576904411282508,0.01755023133810065
0.8837209302325582,0.004529089402194716,0.0037778068730392783
47.86046511627907,0.018314157710614423,0.007822937980906544
33.674418604651166,0.022903124666765175,0.0263974463237466
3.813953488372093,0.029514347045418506,0.013892309057061935
1.6511627906976745,0.02293269187450159,0.004133080559010974
35.93023255813954,0.023584788138044196,0.007075870198713829
24.790697674418606,0.026764272315364598,0.0060852101349412905
17.209302325581394,0.024856532795008282,0.007988301877332567
41.395348837209305,0.025115929684730448,0.02800099923109252
40.46511627906977,0.021050241259517877,0.09755974822512005
34.48837209302326,0.02799012149899472,0.006791024424514067
32.18604651162791,0.02473330436082638,0.006998307834857037
8.813953488372093,0.02109230703233491,0.006899341266721909
41.883720930232556,0.026457153156639976,0.0055621745929895095
12.86046511627907,0.03711959574670728,0.013733515634912275
19.88372093023256,0.023366894005863947,0.017712509936438303
42.58139534883721,0.026420500640616587,0.005176641697356859
5.0,0.011645559380106784,0.04138211778796136
37.16279069767442,0.02737769688008445,0.016697752035058015
0.9302325581395349,0.005916632944426049,0.00257128036635636
19.930232558139537,0.019835668754602756,0.018454561356278414
34.906976744186046,0.02493312666674063,0.03614623544698952
49.16279069767442,0.02960000167316168,0.03809699381452786
17.11627906976744,0.02670382744990439,0.005544145476762383
14.418604651162791,0.036605514212756686,0.006551015445167722
28.25581395348837,0.020495151371487892,0.005426045423837601
27.88372093023256,0.029030691584238908,0.09638960983171747
37.906976744186046,0.02185938349351854,0.0049746629705581255
22.069767441860463,0.020284147165638568,0.011303745456768844
1.558139534883721,0.011590547936817753,0.0058379885927990535
41.093023255813954,0.019282630719894896,0.00963865661538969
37.093023255813954,0.026831485725118915,0.005408644046914454
28.511627906976745,0.0176881047697653,0.050675183032362715
34.116279069767444,0.035531428532492956,0.6392816432050021
6.0,0.017691953362812256,0.015456371805113034
37.95348837209303,0.02500480002550499,0.004962726832758953
37.906976744186046,0.019158198183248532,0.029506934100128314
3.488372093023256,0.01966994672111795,0.009317575625480062
35.093023255813954,0.02358157755133517,0.017478774970655482
34.372093023255815,0.03556743169925122,0.005569192932562729
29.976744186046513,0.023879058268141278,0.009372646837660124
5.069767441860465,0.03635060406348737,0.09796888696256507
47.02325581395349,0.02392887393626612,0.007445229211287375
12.627906976744185,0.029687868041735663,0.010432130635325684
20.790697674418606,0.02006129459625021,0.006084387450461534
12.674418604651162,0.015350688368081322,0.00861560169215875
43.69767441860465,0.026341869841291356,0.010833921216159626
7.790697674418604,0.04450642918880855,0.0070145640965672655
9.69767441860465,0.02489703258915526,0.0044778478152492675
26.488372093023255,0.023933835256182073,0.006516211911603038
30.558139534883722,0.032477025160383886,0.013420760529013247
3.372093023255814,0.03314353974637149,0.007081280578038796
25.3953488372093,0.020119736476280372,0.19611000718223073
33.72093023255814,0.026104713406797698,0.011593851904419052
42.16279069767442,0.030872782692822346,0.07926978366642094
3.7674418604651163,0.011603176788806131,0.005855993630630766
1.7674418604651163,0.07276356875527151,0.008835171568443245
15.162790697674419,0.02607448860103424,0.006786282618223175
39.86046511627907,0.02518199347257535,0.008101358856039971
0.8604651162790697,0.012111343450534105,0.0036462275589089635
47.41860465116279,0.026699642524857313,0.0049901147898435885
43.46511627906977,0.030142918812553744,0.019491038440090855
27.6046511627907,0.027938695942266778,0.010795914311804938
34.41860465116279,0.03810389939515718,0.011294262551880138
7.069767441860465,0.019762859129035797,0.005847763013983701
6.953488372093023,0.021375070836036913,0.023377693520804065
47.04651162790697,0.02611022911058456,0.006950953796123063
43.348837209302324,0.03516790745066237,0.08208429394422899
19.697674418604652,0.03101988338112754,0.026705593850172616
10.255813953488373,0.028842029407649048,0.010160499761337437
8.534883720930232,0.02636789666011642,0.010489558334374972
26.069767441860463,0.021225456164639844,0.013113458296168517
9.813953488372093,0.02722649435861159,0.009172569982456186
51.395348837209305,0.026342196304170718,0.051595301501752074
47.18604651162791,0.023194479630959722,0.05617584349988207
34.51162790697674,0.02946682820230496,0.006890373267962234
13.837209302325581,0.024231866839920856,0.012073057103612447
3.6511627906976742,0.035490809956098816,0.05594299657680867
11.767441860465116,0.018446100739298976,0.008518843654651217
2.0697674418604652,0.029944547014453968,0.009722899708345457
49.674418604651166,0.023493129536163625,0.008291807376610255
4.767441860465116,0.020600614067475733,0.007726990812968413
17.976744186046513,0.028646694436500145,0.005671042421738653
20.302325581395348,0.02418470535338414,0.012608653657234098
35.883720930232556,0.02833209188327277,0.04623698525615529
46.27906976744186,0.023034934823748656,0.03126971634424564
18.162790697674417,0.026327234824452612,0.009834820021883288
5.488372093023256,0.01421333959280323,0.008402238954190087
34.30232558139535,0.03247476708264954,0.005289879270158276
32.604651162790695,0.02664432148758511,0.012238309029638182
22.27906976744186,0.022218058342382604,0.0077756557828024125
33.116279069767444,0.02751111716001176,0.05871880647498956
29.186046511627907,0.029219454028939787,0.020621667600807622
43.348837209302324,0.025398714349653153,0.019548561295149116
49.46511627906977,0.02423299932407749,0.00779250244957349
49.04651162790697,0.0262433766196801,0.0098254694020003
40.325581395348834,0.026932743179078247,0.22356640184817464
46.23255813953488,0.020065915679839806,0.014523981540232805
46.674418604651166,0.03395267238181157,0.019065156037874578
49.348837209302324,0.027042530606537937,0.009303212656726309
24.372093023255815,0.02395892361985706,0.01375228181274398
6.27906976744186,0.025948581791409586,0.009565929174161028
25.88372093023256,0.02967198646537931,0.011405995781854273
54.86046511627907,0.0200968638949189,0.012020556424900854
18.906976744186046,0.01722013923586224,0.08895673801567425
5.441860465116279,0.018839442506426097,0.014610728009222022
4.5813953488372094,0.010393226742829007,0.005404804840575866
4.953488372093023,0.00837372267127018,0.005103095028553539
12.883720930232558,0.01633381460626872,0.008018670318453453
47.51162790697674,0.02066058310729197,0.013758192590140682
